TN:
SF:client/src/App.tsx
FN:34,Router
FN:121,AuthenticatedApp
FN:141,AppHeader
FN:152,ProtectedAppContent
FN:166,(anonymous_4)
FN:170,(anonymous_5)
FN:174,(anonymous_6)
FN:183,(anonymous_7)
FN:230,App
FNF:9
FNH:0
FNDA:0,Router
FNDA:0,AuthenticatedApp
FNDA:0,AppHeader
FNDA:0,ProtectedAppContent
FNDA:0,(anonymous_4)
FNDA:0,(anonymous_5)
FNDA:0,(anonymous_6)
FNDA:0,(anonymous_7)
FNDA:0,App
DA:35,0
DA:126,0
DA:142,0
DA:153,0
DA:154,0
DA:157,0
DA:159,0
DA:165,0
DA:166,0
DA:168,0
DA:170,0
DA:174,0
DA:175,0
DA:176,0
DA:183,0
DA:184,0
DA:185,0
DA:186,0
DA:187,0
DA:188,0
DA:189,0
DA:190,0
DA:193,0
DA:199,0
DA:200,0
DA:208,0
DA:209,0
DA:217,0
DA:218,0
DA:227,0
DA:231,0
LF:31
LH:0
BRDA:168,0,0,0
BRDA:168,0,1,0
BRDA:175,1,0,0
BRDA:175,1,1,0
BRDA:175,2,0,0
BRDA:175,2,1,0
BRDA:175,2,2,0
BRDA:184,3,0,0
BRDA:184,3,1,0
BRDA:184,4,0,0
BRDA:184,4,1,0
BRDA:184,4,2,0
BRDA:185,5,0,0
BRDA:185,5,1,0
BRDA:187,6,0,0
BRDA:187,6,1,0
BRDA:189,7,0,0
BRDA:189,7,1,0
BRDA:199,8,0,0
BRDA:199,8,1,0
BRDA:208,9,0,0
BRDA:208,9,1,0
BRDA:217,10,0,0
BRDA:217,10,1,0
BRDA:222,11,0,0
BRDA:222,11,1,0
BRF:26
BRH:0
end_of_record
TN:
SF:client/src/components/agent-chat-interface.tsx
FN:52,AgentChatInterface
FN:77,(anonymous_1)
FN:81,(anonymous_2)
FN:89,(anonymous_3)
FN:99,(anonymous_4)
FN:110,(anonymous_5)
FN:116,(anonymous_6)
FN:126,(anonymous_7)
FN:135,(anonymous_8)
FN:140,(anonymous_9)
FN:148,(anonymous_10)
FN:154,(anonymous_11)
FN:167,(anonymous_12)
FN:227,(anonymous_13)
FN:284,(anonymous_14)
FN:295,(anonymous_15)
FNF:16
FNH:0
FNDA:0,AgentChatInterface
FNDA:0,(anonymous_1)
FNDA:0,(anonymous_2)
FNDA:0,(anonymous_3)
FNDA:0,(anonymous_4)
FNDA:0,(anonymous_5)
FNDA:0,(anonymous_6)
FNDA:0,(anonymous_7)
FNDA:0,(anonymous_8)
FNDA:0,(anonymous_9)
FNDA:0,(anonymous_10)
FNDA:0,(anonymous_11)
FNDA:0,(anonymous_12)
FNDA:0,(anonymous_13)
FNDA:0,(anonymous_14)
FNDA:0,(anonymous_15)
DA:57,0
DA:58,0
DA:59,0
DA:62,0
DA:67,0
DA:73,0
DA:77,0
DA:80,0
DA:82,0
DA:83,0
DA:85,0
DA:90,0
DA:91,0
DA:94,0
DA:100,0
DA:109,0
DA:111,0
DA:112,0
DA:114,0
DA:117,0
DA:118,0
DA:119,0
DA:120,0
DA:124,0
DA:127,0
DA:135,0
DA:136,0
DA:137,0
DA:140,0
DA:141,0
DA:142,0
DA:143,0
DA:148,0
DA:149,0
DA:150,0
DA:154,0
DA:155,0
DA:157,0
DA:159,0
DA:161,0
DA:163,0
DA:167,0
DA:168,0
DA:170,0
DA:172,0
DA:174,0
DA:176,0
DA:180,0
DA:228,0
DA:284,0
DA:295,0
LF:51
LH:0
BRDA:55,0,0,0
BRDA:67,1,0,0
BRDA:73,2,0,0
BRDA:82,3,0,0
BRDA:82,3,1,0
BRDA:111,4,0,0
BRDA:111,4,1,0
BRDA:136,5,0,0
BRDA:136,5,1,0
BRDA:141,6,0,0
BRDA:141,6,1,0
BRDA:141,7,0,0
BRDA:141,7,1,0
BRDA:149,8,0,0
BRDA:149,8,1,0
BRDA:155,9,0,0
BRDA:155,9,1,0
BRDA:155,9,2,0
BRDA:155,9,3,0
BRDA:168,10,0,0
BRDA:168,10,1,0
BRDA:168,10,2,0
BRDA:168,10,3,0
BRDA:172,11,0,0
BRDA:172,11,1,0
BRDA:186,12,0,0
BRDA:186,12,1,0
BRDA:187,13,0,0
BRDA:187,13,1,0
BRDA:187,13,2,0
BRDA:190,14,0,0
BRDA:190,14,1,0
BRDA:193,15,0,0
BRDA:193,15,1,0
BRDA:201,16,0,0
BRDA:201,16,1,0
BRDA:201,16,2,0
BRDA:218,17,0,0
BRDA:218,17,1,0
BRDA:222,18,0,0
BRDA:222,18,1,0
BRDA:230,19,0,0
BRDA:230,19,1,0
BRDA:235,20,0,0
BRDA:235,20,1,0
BRDA:237,21,0,0
BRDA:237,21,1,0
BRDA:261,22,0,0
BRDA:261,22,1,0
BRDA:278,23,0,0
BRDA:278,23,1,0
BRDA:306,24,0,0
BRDA:306,24,1,0
BRF:53
BRH:0
end_of_record
TN:
SF:client/src/components/app-sidebar.tsx
FN:31,AppSidebar
FN:35,(anonymous_1)
FN:150,(anonymous_2)
FNF:3
FNH:0
FNDA:0,AppSidebar
FNDA:0,(anonymous_1)
FNDA:0,(anonymous_2)
DA:32,0
DA:33,0
DA:35,0
DA:36,0
DA:39,0
DA:40,0
DA:55,0
DA:56,0
DA:86,0
DA:87,0
DA:102,0
DA:116,0
DA:118,0
DA:151,0
DA:152,0
LF:15
LH:0
BRDA:36,0,0,0
BRDA:36,0,1,0
BRDA:39,1,0,0
BRDA:39,1,1,0
BRDA:55,2,0,0
BRDA:55,2,1,0
BRDA:86,3,0,0
BRDA:86,3,1,0
BRDA:131,4,0,0
BRDA:131,4,1,0
BRDA:133,5,0,0
BRDA:133,5,1,0
BRDA:134,6,0,0
BRDA:134,6,1,0
BRDA:136,7,0,0
BRDA:136,7,1,0
BRF:16
BRH:0
end_of_record
TN:
SF:client/src/components/change-password-required.tsx
FN:35,(anonymous_0)
FN:42,ChangePasswordRequired
FN:57,(anonymous_2)
FN:64,(anonymous_3)
FN:77,(anonymous_4)
FN:88,(anonymous_5)
FN:94,(anonymous_6)
FN:97,(anonymous_7)
FN:98,(anonymous_8)
FN:123,(anonymous_9)
FN:143,(anonymous_10)
FN:163,(anonymous_11)
FNF:12
FNH:0
FNDA:0,(anonymous_0)
FNDA:0,ChangePasswordRequired
FNDA:0,(anonymous_2)
FNDA:0,(anonymous_3)
FNDA:0,(anonymous_4)
FNDA:0,(anonymous_5)
FNDA:0,(anonymous_6)
FNDA:0,(anonymous_7)
FNDA:0,(anonymous_8)
FNDA:0,(anonymous_9)
FNDA:0,(anonymous_10)
FNDA:0,(anonymous_11)
DA:29,0
DA:35,0
DA:43,0
DA:44,0
DA:45,0
DA:47,0
DA:56,0
DA:58,0
DA:62,0
DA:65,0
DA:71,0
DA:72,0
DA:74,0
DA:75,0
DA:78,0
DA:79,0
DA:80,0
DA:88,0
DA:89,0
DA:90,0
DA:93,0
DA:97,0
DA:98,0
DA:124,0
DA:144,0
DA:164,0
LF:26
LH:0
BRDA:78,0,0,0
BRDA:78,0,1,0
BRDA:111,1,0,0
BRDA:111,1,1,0
BRDA:186,2,0,0
BRDA:186,2,1,0
BRF:6
BRH:0
end_of_record
TN:
SF:client/src/components/chat-input.tsx
FN:12,ChatInput
FN:20,(anonymous_1)
FN:30,(anonymous_2)
FN:37,(anonymous_3)
FN:50,(anonymous_4)
FNF:5
FNH:5
FNDA:44,ChatInput
FNDA:2,(anonymous_1)
FNDA:38,(anonymous_2)
FNDA:44,(anonymous_3)
FNDA:35,(anonymous_4)
DA:17,44
DA:18,44
DA:20,44
DA:21,2
DA:22,2
DA:23,2
DA:24,2
DA:25,2
DA:30,44
DA:31,38
DA:32,2
DA:33,2
DA:37,44
DA:38,44
DA:39,44
DA:40,44
DA:44,44
DA:50,35
LF:18
LH:18
BRDA:14,0,0,44
BRDA:15,1,0,44
BRDA:21,2,0,2
BRDA:21,2,1,0
BRDA:21,3,0,2
BRDA:21,3,1,2
BRDA:24,4,0,2
BRDA:24,4,1,0
BRDA:31,5,0,2
BRDA:31,5,1,36
BRDA:31,6,0,38
BRDA:31,6,1,3
BRDA:38,7,0,44
BRDA:38,7,1,0
BRDA:61,8,0,44
BRDA:61,8,1,35
BRF:16
BRH:13
end_of_record
TN:
SF:client/src/components/chat-sidebar.tsx
FN:21,ChatSidebar
FN:45,(anonymous_1)
FN:54,(anonymous_2)
FN:97,(anonymous_3)
FN:102,(anonymous_4)
FNF:5
FNH:0
FNDA:0,ChatSidebar
FNDA:0,(anonymous_1)
FNDA:0,(anonymous_2)
FNDA:0,(anonymous_3)
FNDA:0,(anonymous_4)
DA:22,0
DA:25,0
DA:29,0
DA:45,0
DA:54,0
DA:98,0
DA:102,0
LF:7
LH:0
BRDA:25,0,0,0
BRDA:43,1,0,0
BRDA:43,1,1,0
BRDA:52,2,0,0
BRDA:52,2,1,0
BRDA:90,3,0,0
BRDA:90,3,1,0
BRDA:100,4,0,0
BRDA:100,4,1,0
BRDA:107,5,0,0
BRDA:107,5,1,0
BRF:11
BRH:0
end_of_record
TN:
SF:client/src/components/empty-state.tsx
FN:3,EmptyState
FNF:1
FNH:1
FNDA:6,EmptyState
DA:4,6
LF:1
LH:1
BRF:0
BRH:0
end_of_record
TN:
SF:client/src/components/message-bubble.tsx
FN:11,MessageBubble
FNF:1
FNH:1
FNDA:10,MessageBubble
DA:12,10
DA:14,10
LF:2
LH:2
BRDA:16,0,0,6
BRDA:16,0,1,4
BRDA:20,1,0,6
BRDA:20,1,1,4
BRDA:21,2,0,6
BRDA:21,2,1,4
BRDA:25,3,0,6
BRDA:25,3,1,4
BRDA:28,4,0,6
BRDA:28,4,1,4
BRF:10
BRH:10
end_of_record
TN:
SF:client/src/components/protected-route.tsx
FN:53,getDefaultRouteForUser
FN:67,canAccessRoute
FN:70,(anonymous_2)
FN:98,ProtectedRoute
FN:103,(anonymous_4)
FNF:5
FNH:5
FNDA:1,getDefaultRouteForUser
FNDA:6,canAccessRoute
FNDA:14,(anonymous_2)
FNDA:5,ProtectedRoute
FNDA:5,(anonymous_4)
DA:16,1
DA:54,1
DA:58,1
DA:60,0
DA:62,0
DA:64,0
DA:68,6
DA:70,14
DA:73,6
DA:76,6
DA:77,6
DA:78,0
DA:80,6
DA:81,2
DA:86,4
DA:87,0
DA:90,4
DA:99,5
DA:100,5
DA:101,5
DA:103,5
DA:105,5
DA:108,4
DA:109,1
DA:110,1
DA:114,3
DA:115,0
DA:116,0
DA:117,0
DA:121,3
DA:122,1
DA:124,1
DA:130,1
DA:135,5
DA:136,1
DA:144,4
DA:145,2
DA:149,2
LF:38
LH:30
BRDA:54,0,0,0
BRDA:54,0,1,1
BRDA:58,1,0,1
BRDA:58,1,1,0
BRDA:60,2,0,0
BRDA:60,2,1,0
BRDA:62,3,0,0
BRDA:62,3,1,0
BRDA:68,4,0,0
BRDA:68,4,1,6
BRDA:73,5,0,0
BRDA:73,5,1,6
BRDA:76,6,0,6
BRDA:76,6,1,0
BRDA:77,7,0,0
BRDA:77,7,1,6
BRDA:77,8,0,6
BRDA:77,8,1,2
BRDA:80,9,0,2
BRDA:80,9,1,4
BRDA:80,10,0,6
BRDA:80,10,1,4
BRDA:86,11,0,0
BRDA:86,11,1,4
BRDA:86,12,0,4
BRDA:86,12,1,4
BRDA:105,13,0,1
BRDA:105,13,1,4
BRDA:108,14,0,1
BRDA:108,14,1,3
BRDA:108,15,0,4
BRDA:108,15,1,1
BRDA:114,16,0,0
BRDA:114,16,1,3
BRDA:114,17,0,3
BRDA:114,17,1,3
BRDA:121,18,0,1
BRDA:121,18,1,2
BRDA:121,19,0,3
BRDA:121,19,1,3
BRDA:135,20,0,1
BRDA:135,20,1,4
BRDA:144,21,0,2
BRDA:144,21,1,2
BRDA:144,22,0,4
BRDA:144,22,1,3
BRF:46
BRH:34
end_of_record
TN:
SF:client/src/components/role-protected-route.tsx
FN:16,RoleProtectedRoute
FN:24,(anonymous_1)
FNF:2
FNH:2
FNDA:6,RoleProtectedRoute
FNDA:6,(anonymous_1)
DA:21,6
DA:22,6
DA:24,6
DA:25,6
DA:26,2
DA:29,2
DA:34,6
DA:35,1
DA:43,5
DA:44,1
DA:48,4
DA:49,2
DA:53,2
LF:13
LH:13
BRDA:19,0,0,6
BRDA:25,1,0,2
BRDA:25,1,1,4
BRDA:25,2,0,6
BRDA:25,2,1,5
BRDA:25,2,2,4
BRDA:34,3,0,1
BRDA:34,3,1,5
BRDA:43,4,0,1
BRDA:43,4,1,4
BRDA:48,5,0,2
BRDA:48,5,1,2
BRF:12
BRH:12
end_of_record
TN:
SF:client/src/components/theme-provider.tsx
FN:17,ThemeProvider
FN:19,(anonymous_1)
FN:22,(anonymous_2)
FN:36,useTheme
FNF:4
FNH:3
FNDA:2,ThemeProvider
FNDA:2,(anonymous_1)
FNDA:2,(anonymous_2)
FNDA:0,useTheme
DA:15,1
DA:18,2
DA:19,2
DA:22,2
DA:23,2
DA:24,2
DA:25,2
DA:26,2
DA:29,2
DA:37,0
DA:38,0
DA:39,0
DA:41,0
LF:13
LH:9
BRDA:17,0,0,2
BRDA:19,1,0,2
BRDA:19,1,1,0
BRDA:38,2,0,0
BRDA:38,2,1,0
BRF:5
BRH:2
end_of_record
TN:
SF:client/src/components/theme-toggle.tsx
FN:5,ThemeToggle
FN:12,(anonymous_1)
FNF:2
FNH:1
FNDA:1,ThemeToggle
FNDA:0,(anonymous_1)
DA:6,1
DA:8,1
DA:12,0
LF:3
LH:2
BRDA:12,0,0,0
BRDA:12,0,1,0
BRF:2
BRH:0
end_of_record
TN:
SF:client/src/components/typing-indicator.tsx
FN:1,TypingIndicator
FNF:1
FNH:1
FNDA:4,TypingIndicator
DA:2,4
LF:1
LH:1
BRF:0
BRH:0
end_of_record
TN:
SF:client/src/contexts/auth-context.tsx
FN:29,AuthProvider
FN:30,(anonymous_1)
FN:43,(anonymous_2)
FN:70,(anonymous_3)
FN:82,(anonymous_4)
FN:108,(anonymous_5)
FN:158,useAuth
FNF:7
FNH:0
FNDA:0,AuthProvider
FNDA:0,(anonymous_1)
FNDA:0,(anonymous_2)
FNDA:0,(anonymous_3)
FNDA:0,(anonymous_4)
FNDA:0,(anonymous_5)
FNDA:0,useAuth
DA:27,0
DA:30,0
DA:31,0
DA:33,0
DA:36,0
DA:44,0
DA:45,0
DA:51,0
DA:53,0
DA:54,0
DA:55,0
DA:56,0
DA:59,0
DA:60,0
DA:66,0
DA:70,0
DA:71,0
DA:74,0
DA:76,0
DA:77,0
DA:80,0
DA:83,0
DA:90,0
DA:91,0
DA:92,0
DA:93,0
DA:96,0
DA:97,0
DA:103,0
DA:108,0
DA:109,0
DA:111,0
DA:113,0
DA:116,0
DA:124,0
DA:126,0
DA:131,0
DA:134,0
DA:137,0
DA:138,0
DA:141,0
DA:142,0
DA:143,0
DA:146,0
DA:155,0
DA:159,0
DA:160,0
DA:161,0
DA:163,0
LF:49
LH:0
BRDA:51,0,0,0
BRDA:51,0,1,0
BRDA:90,1,0,0
BRDA:90,1,1,0
BRDA:121,2,0,0
BRDA:121,2,1,0
BRDA:137,3,0,0
BRDA:137,3,1,0
BRDA:147,4,0,0
BRDA:147,4,1,0
BRDA:160,5,0,0
BRDA:160,5,1,0
BRF:12
BRH:0
end_of_record
TN:
SF:client/src/hooks/use-heartbeat.ts
FN:11,useHeartbeat
FN:14,(anonymous_1)
FN:20,(anonymous_2)
FN:54,(anonymous_3)
FNF:4
FNH:4
FNDA:8,useHeartbeat
FNDA:8,(anonymous_1)
FNDA:8,(anonymous_2)
FNDA:6,(anonymous_3)
DA:4,1
DA:12,8
DA:14,8
DA:16,8
DA:17,2
DA:20,6
DA:21,8
DA:23,8
DA:24,8
DA:25,1
DA:26,1
DA:29,7
DA:37,6
DA:38,6
DA:40,0
DA:43,1
DA:48,6
DA:51,6
DA:54,6
LF:19
LH:18
BRDA:16,0,0,2
BRDA:16,0,1,6
BRDA:16,1,0,8
BRDA:16,1,1,7
BRDA:16,1,2,2
BRDA:24,2,0,1
BRDA:24,2,1,7
BRDA:37,3,0,6
BRDA:37,3,1,0
BRF:9
BRH:8
end_of_record
TN:
SF:client/src/hooks/use-mobile.tsx
FN:5,useIsMobile
FN:8,(anonymous_1)
FN:10,(anonymous_2)
FN:15,(anonymous_3)
FNF:4
FNH:3
FNDA:6,useIsMobile
FNDA:3,(anonymous_1)
FNDA:0,(anonymous_2)
FNDA:3,(anonymous_3)
DA:3,1
DA:6,6
DA:8,6
DA:9,3
DA:10,3
DA:11,0
DA:13,3
DA:14,3
DA:15,3
DA:18,6
LF:10
LH:9
BRF:0
BRH:0
end_of_record
TN:
SF:client/src/hooks/use-toast.ts
FN:24,genId
FN:55,(anonymous_1)
FN:60,(anonymous_2)
FN:71,(anonymous_3)
FN:82,(anonymous_4)
FN:93,(anonymous_5)
FN:100,(anonymous_6)
FN:119,(anonymous_7)
FN:128,dispatch
FN:130,(anonymous_9)
FN:137,toast
FN:140,(anonymous_11)
FN:145,(anonymous_12)
FN:153,(anonymous_13)
FN:166,useToast
FN:169,(anonymous_15)
FN:171,(anonymous_16)
FN:182,(anonymous_17)
FNF:18
FNH:0
FNDA:0,genId
FNDA:0,(anonymous_1)
FNDA:0,(anonymous_2)
FNDA:0,(anonymous_3)
FNDA:0,(anonymous_4)
FNDA:0,(anonymous_5)
FNDA:0,(anonymous_6)
FNDA:0,(anonymous_7)
FNDA:0,dispatch
FNDA:0,(anonymous_9)
FNDA:0,toast
FNDA:0,(anonymous_11)
FNDA:0,(anonymous_12)
FNDA:0,(anonymous_13)
FNDA:0,useToast
FNDA:0,(anonymous_15)
FNDA:0,(anonymous_16)
FNDA:0,(anonymous_17)
DA:5,0
DA:6,0
DA:15,0
DA:22,0
DA:25,0
DA:26,0
DA:53,0
DA:55,0
DA:56,0
DA:57,0
DA:60,0
DA:61,0
DA:62,0
DA:68,0
DA:71,0
DA:72,0
DA:74,0
DA:80,0
DA:82,0
DA:86,0
DA:90,0
DA:91,0
DA:93,0
DA:94,0
DA:98,0
DA:101,0
DA:111,0
DA:112,0
DA:117,0
DA:119,0
DA:124,0
DA:126,0
DA:129,0
DA:130,0
DA:131,0
DA:138,0
DA:140,0
DA:141,0
DA:145,0
DA:147,0
DA:154,0
DA:159,0
DA:167,0
DA:169,0
DA:170,0
DA:171,0
DA:172,0
DA:173,0
DA:174,0
DA:179,0
DA:182,0
LF:51
LH:0
BRDA:56,0,0,0
BRDA:56,0,1,0
BRDA:72,1,0,0
BRDA:72,1,1,0
BRDA:72,1,2,0
BRDA:72,1,3,0
BRDA:82,2,0,0
BRDA:82,2,1,0
BRDA:90,3,0,0
BRDA:90,3,1,0
BRDA:101,4,0,0
BRDA:101,4,1,0
BRDA:101,5,0,0
BRDA:101,5,1,0
BRDA:111,6,0,0
BRDA:111,6,1,0
BRDA:154,7,0,0
BRDA:154,7,1,0
BRDA:173,8,0,0
BRDA:173,8,1,0
BRF:20
BRH:0
end_of_record
TN:
SF:client/src/hooks/use-websocket.ts
FN:11,useWebSocket
FN:20,(anonymous_1)
FN:60,(anonymous_2)
FN:72,(anonymous_3)
FN:166,(anonymous_4)
FN:170,(anonymous_5)
FN:182,(anonymous_6)
FN:195,(anonymous_7)
FN:215,(anonymous_8)
FN:225,(anonymous_9)
FN:237,(anonymous_10)
FNF:11
FNH:0
FNDA:0,useWebSocket
FNDA:0,(anonymous_1)
FNDA:0,(anonymous_2)
FNDA:0,(anonymous_3)
FNDA:0,(anonymous_4)
FNDA:0,(anonymous_5)
FNDA:0,(anonymous_6)
FNDA:0,(anonymous_7)
FNDA:0,(anonymous_8)
FNDA:0,(anonymous_9)
FNDA:0,(anonymous_10)
DA:12,0
DA:13,0
DA:14,0
DA:15,0
DA:16,0
DA:17,0
DA:18,0
DA:20,0
DA:22,0
DA:23,0
DA:24,0
DA:27,0
DA:30,0
DA:31,0
DA:32,0
DA:36,0
DA:37,0
DA:38,0
DA:42,0
DA:43,0
DA:45,0
DA:46,0
DA:47,0
DA:51,0
DA:52,0
DA:54,0
DA:56,0
DA:57,0
DA:58,0
DA:60,0
DA:61,0
DA:64,0
DA:72,0
DA:73,0
DA:74,0
DA:75,0
DA:76,0
DA:79,0
DA:80,0
DA:81,0
DA:82,0
DA:83,0
DA:86,0
DA:87,0
DA:90,0
DA:93,0
DA:97,0
DA:101,0
DA:102,0
DA:104,0
DA:107,0
DA:112,0
DA:113,0
DA:115,0
DA:118,0
DA:121,0
DA:126,0
DA:127,0
DA:128,0
DA:130,0
DA:135,0
DA:136,0
DA:137,0
DA:139,0
DA:142,0
DA:145,0
DA:148,0
DA:153,0
DA:154,0
DA:155,0
DA:157,0
DA:162,0
DA:166,0
DA:167,0
DA:170,0
DA:171,0
DA:172,0
DA:173,0
DA:176,0
DA:177,0
DA:178,0
DA:182,0
DA:183,0
DA:184,0
DA:187,0
DA:191,0
DA:195,0
DA:197,0
DA:198,0
DA:199,0
DA:203,0
DA:205,0
DA:206,0
DA:207,0
DA:208,0
DA:211,0
DA:212,0
DA:215,0
DA:216,0
DA:217,0
DA:218,0
DA:219,0
DA:221,0
DA:225,0
DA:226,0
DA:228,0
DA:230,0
DA:233,0
DA:237,0
DA:238,0
DA:242,0
LF:111
LH:0
BRDA:11,0,0,0
BRDA:22,1,0,0
BRDA:22,1,1,0
BRDA:30,2,0,0
BRDA:30,2,1,0
BRDA:36,3,0,0
BRDA:36,3,1,0
BRDA:45,4,0,0
BRDA:45,4,1,0
BRDA:51,5,0,0
BRDA:51,5,1,0
BRDA:79,6,0,0
BRDA:79,6,1,0
BRDA:86,7,0,0
BRDA:86,7,1,0
BRDA:101,8,0,0
BRDA:101,8,1,0
BRDA:112,9,0,0
BRDA:112,9,1,0
BRDA:126,10,0,0
BRDA:126,10,1,0
BRDA:135,11,0,0
BRDA:135,11,1,0
BRDA:153,12,0,0
BRDA:153,12,1,0
BRDA:176,13,0,0
BRDA:176,13,1,0
BRDA:197,14,0,0
BRDA:197,14,1,0
BRDA:205,15,0,0
BRDA:205,15,1,0
BRDA:216,16,0,0
BRDA:216,16,1,0
BRDA:216,17,0,0
BRDA:216,17,1,0
BRDA:228,18,0,0
BRDA:228,18,1,0
BRDA:228,19,0,0
BRDA:228,19,1,0
BRF:39
BRH:0
end_of_record
TN:
SF:client/src/lib/queryClient.ts
FN:3,throwIfResNotOk
FN:10,apiRequest
FN:35,(anonymous_2)
FN:36,(anonymous_3)
FNF:4
FNH:1
FNDA:0,throwIfResNotOk
FNDA:0,apiRequest
FNDA:2,(anonymous_2)
FNDA:0,(anonymous_3)
DA:4,0
DA:5,0
DA:6,0
DA:15,0
DA:16,0
DA:18,0
DA:19,0
DA:22,0
DA:29,0
DA:30,0
DA:35,2
DA:36,2
DA:37,0
DA:38,0
DA:40,0
DA:41,0
DA:44,0
DA:49,0
DA:50,0
DA:53,0
DA:54,0
DA:57,2
LF:22
LH:3
BRDA:4,0,0,0
BRDA:4,0,1,0
BRDA:5,1,0,0
BRDA:5,1,1,0
BRDA:16,2,0,0
BRDA:16,2,1,0
BRDA:18,3,0,0
BRDA:18,3,1,0
BRDA:25,4,0,0
BRDA:25,4,1,0
BRDA:40,5,0,0
BRDA:40,5,1,0
BRDA:49,6,0,0
BRDA:49,6,1,0
BRDA:49,7,0,0
BRDA:49,7,1,0
BRF:16
BRH:0
end_of_record
TN:
SF:client/src/lib/utils.ts
FN:4,cn
FNF:1
FNH:1
FNDA:116,cn
DA:5,116
LF:1
LH:1
BRF:0
BRH:0
end_of_record
TN:
SF:client/src/pages/agent-chat.tsx
FN:60,AgentChat
FN:85,(anonymous_1)
FN:96,(anonymous_2)
FN:99,(anonymous_3)
FN:107,(anonymous_4)
FN:118,(anonymous_5)
FN:123,(anonymous_6)
FN:129,(anonymous_7)
FN:139,(anonymous_8)
FN:143,(anonymous_9)
FN:155,(anonymous_10)
FN:162,(anonymous_11)
FN:187,(anonymous_12)
FN:239,(anonymous_13)
FN:315,(anonymous_14)
FN:332,(anonymous_15)
FN:352,(anonymous_16)
FN:371,(anonymous_17)
FN:383,(anonymous_18)
FN:420,(anonymous_19)
FN:443,(anonymous_20)
FN:456,(anonymous_21)
FNF:22
FNH:0
FNDA:0,AgentChat
FNDA:0,(anonymous_1)
FNDA:0,(anonymous_2)
FNDA:0,(anonymous_3)
FNDA:0,(anonymous_4)
FNDA:0,(anonymous_5)
FNDA:0,(anonymous_6)
FNDA:0,(anonymous_7)
FNDA:0,(anonymous_8)
FNDA:0,(anonymous_9)
FNDA:0,(anonymous_10)
FNDA:0,(anonymous_11)
FNDA:0,(anonymous_12)
FNDA:0,(anonymous_13)
FNDA:0,(anonymous_14)
FNDA:0,(anonymous_15)
FNDA:0,(anonymous_16)
FNDA:0,(anonymous_17)
FNDA:0,(anonymous_18)
FNDA:0,(anonymous_19)
FNDA:0,(anonymous_20)
FNDA:0,(anonymous_21)
DA:61,0
DA:62,0
DA:63,0
DA:64,0
DA:65,0
DA:67,0
DA:68,0
DA:69,0
DA:72,0
DA:79,0
DA:85,0
DA:88,0
DA:95,0
DA:97,0
DA:100,0
DA:104,0
DA:105,0
DA:108,0
DA:117,0
DA:119,0
DA:124,0
DA:125,0
DA:130,0
DA:139,0
DA:140,0
DA:143,0
DA:144,0
DA:145,0
DA:147,0
DA:148,0
DA:149,0
DA:151,0
DA:155,0
DA:156,0
DA:157,0
DA:158,0
DA:162,0
DA:163,0
DA:165,0
DA:171,0
DA:177,0
DA:183,0
DA:187,0
DA:188,0
DA:189,0
DA:191,0
DA:192,0
DA:201,0
DA:239,0
DA:240,0
DA:242,0
DA:280,0
DA:281,0
DA:295,0
DA:296,0
DA:307,0
DA:308,0
DA:315,0
DA:327,0
DA:331,0
DA:332,0
DA:333,0
DA:352,0
DA:363,0
DA:371,0
DA:383,0
DA:421,0
DA:443,0
DA:456,0
LF:69
LH:0
BRDA:79,0,0,0
BRDA:88,1,0,0
BRDA:145,2,0,0
BRDA:145,2,1,0
BRDA:145,3,0,0
BRDA:145,3,1,0
BRDA:156,4,0,0
BRDA:156,4,1,0
BRDA:156,5,0,0
BRDA:156,5,1,0
BRDA:163,6,0,0
BRDA:163,6,1,0
BRDA:163,6,2,0
BRDA:163,6,3,0
BRDA:191,7,0,0
BRDA:191,7,1,0
BRDA:193,8,0,0
BRDA:193,8,1,0
BRDA:203,9,0,0
BRDA:203,9,1,0
BRDA:204,10,0,0
BRDA:204,10,1,0
BRDA:207,11,0,0
BRDA:207,11,1,0
BRDA:211,12,0,0
BRDA:211,12,1,0
BRDA:214,13,0,0
BRDA:214,13,1,0
BRDA:220,14,0,0
BRDA:220,14,1,0
BRDA:223,15,0,0
BRDA:223,15,1,0
BRDA:245,16,0,0
BRDA:245,16,1,0
BRDA:248,17,0,0
BRDA:248,17,1,0
BRDA:252,18,0,0
BRDA:252,18,1,0
BRDA:255,19,0,0
BRDA:255,19,1,0
BRDA:261,20,0,0
BRDA:261,20,1,0
BRDA:264,21,0,0
BRDA:264,21,1,0
BRDA:270,22,0,0
BRDA:270,22,1,0
BRDA:280,23,0,0
BRDA:280,23,1,0
BRDA:295,24,0,0
BRDA:295,24,1,0
BRDA:307,25,0,0
BRDA:307,25,1,0
BRDA:327,26,0,0
BRDA:327,26,1,0
BRDA:327,26,2,0
BRDA:331,27,0,0
BRDA:331,27,1,0
BRDA:343,28,0,0
BRDA:343,28,1,0
BRDA:380,29,0,0
BRDA:380,29,1,0
BRDA:411,30,0,0
BRDA:411,30,1,0
BRDA:411,30,2,0
BRDA:435,31,0,0
BRDA:435,31,1,0
BRDA:435,32,0,0
BRDA:435,32,1,0
BRDA:437,33,0,0
BRDA:437,33,1,0
BRDA:449,34,0,0
BRDA:449,34,1,0
BRDA:465,35,0,0
BRDA:465,35,1,0
BRDA:481,36,0,0
BRDA:481,36,1,0
BRDA:510,37,0,0
BRDA:510,37,1,0
BRDA:518,38,0,0
BRDA:518,38,1,0
BRDA:528,39,0,0
BRDA:528,39,1,0
BRDA:546,40,0,0
BRDA:546,40,1,0
BRDA:554,41,0,0
BRDA:554,41,1,0
BRDA:565,42,0,0
BRDA:565,42,1,0
BRDA:565,42,2,0
BRF:89
BRH:0
end_of_record
TN:
SF:client/src/pages/agent-dashboard.tsx
FN:51,AgentDashboard
FN:87,(anonymous_1)
FN:95,(anonymous_2)
FN:107,(anonymous_3)
FN:115,(anonymous_4)
FN:129,(anonymous_5)
FN:134,(anonymous_6)
FN:143,(anonymous_7)
FN:144,(anonymous_8)
FN:156,(anonymous_9)
FN:161,(anonymous_10)
FN:166,(anonymous_11)
FN:180,(anonymous_12)
FN:196,(anonymous_13)
FN:199,(anonymous_14)
FN:206,(anonymous_15)
FN:215,(anonymous_16)
FN:253,(anonymous_17)
FN:323,(anonymous_18)
FN:368,(anonymous_19)
FN:371,(anonymous_20)
FN:377,(anonymous_21)
FN:386,(anonymous_22)
FN:422,(anonymous_23)
FN:475,(anonymous_24)
FN:488,(anonymous_25)
FN:508,(anonymous_26)
FN:522,(anonymous_27)
FN:524,(anonymous_28)
FN:580,(anonymous_29)
FN:601,(anonymous_30)
FN:634,(anonymous_31)
FN:676,(anonymous_32)
FN:683,(anonymous_33)
FN:690,(anonymous_34)
FNF:35
FNH:0
FNDA:0,AgentDashboard
FNDA:0,(anonymous_1)
FNDA:0,(anonymous_2)
FNDA:0,(anonymous_3)
FNDA:0,(anonymous_4)
FNDA:0,(anonymous_5)
FNDA:0,(anonymous_6)
FNDA:0,(anonymous_7)
FNDA:0,(anonymous_8)
FNDA:0,(anonymous_9)
FNDA:0,(anonymous_10)
FNDA:0,(anonymous_11)
FNDA:0,(anonymous_12)
FNDA:0,(anonymous_13)
FNDA:0,(anonymous_14)
FNDA:0,(anonymous_15)
FNDA:0,(anonymous_16)
FNDA:0,(anonymous_17)
FNDA:0,(anonymous_18)
FNDA:0,(anonymous_19)
FNDA:0,(anonymous_20)
FNDA:0,(anonymous_21)
FNDA:0,(anonymous_22)
FNDA:0,(anonymous_23)
FNDA:0,(anonymous_24)
FNDA:0,(anonymous_25)
FNDA:0,(anonymous_26)
FNDA:0,(anonymous_27)
FNDA:0,(anonymous_28)
FNDA:0,(anonymous_29)
FNDA:0,(anonymous_30)
FNDA:0,(anonymous_31)
FNDA:0,(anonymous_32)
FNDA:0,(anonymous_33)
FNDA:0,(anonymous_34)
DA:52,0
DA:53,0
DA:54,0
DA:55,0
DA:56,0
DA:57,0
DA:60,0
DA:63,0
DA:69,0
DA:75,0
DA:81,0
DA:87,0
DA:88,0
DA:89,0
DA:94,0
DA:106,0
DA:107,0
DA:116,0
DA:117,0
DA:118,0
DA:120,0
DA:128,0
DA:129,0
DA:130,0
DA:135,0
DA:143,0
DA:144,0
DA:146,0
DA:148,0
DA:156,0
DA:157,0
DA:158,0
DA:161,0
DA:162,0
DA:163,0
DA:166,0
DA:167,0
DA:169,0
DA:171,0
DA:173,0
DA:175,0
DA:180,0
DA:181,0
DA:182,0
DA:184,0
DA:185,0
DA:187,0
DA:188,0
DA:190,0
DA:195,0
DA:197,0
DA:200,0
DA:201,0
DA:207,0
DA:215,0
DA:216,0
DA:219,0
DA:253,0
DA:324,0
DA:369,0
DA:372,0
DA:373,0
DA:377,0
DA:387,0
DA:423,0
DA:475,0
DA:488,0
DA:508,0
DA:522,0
DA:525,0
DA:580,0
DA:601,0
DA:635,0
DA:676,0
DA:683,0
DA:690,0
LF:76
LH:0
BRDA:63,0,0,0
BRDA:69,1,0,0
BRDA:75,2,0,0
BRDA:81,3,0,0
BRDA:88,4,0,0
BRDA:88,4,1,0
BRDA:122,5,0,0
BRDA:122,5,1,0
BRDA:128,6,0,0
BRDA:128,6,1,0
BRDA:128,7,0,0
BRDA:128,7,1,0
BRDA:167,8,0,0
BRDA:167,8,1,0
BRDA:167,8,2,0
BRDA:167,8,3,0
BRDA:181,9,0,0
BRDA:181,9,1,0
BRDA:184,10,0,0
BRDA:184,10,1,0
BRDA:209,11,0,0
BRDA:209,11,1,0
BRDA:281,12,0,0
BRDA:281,12,1,0
BRDA:289,13,0,0
BRDA:289,13,1,0
BRDA:305,14,0,0
BRDA:305,14,1,0
BRDA:309,15,0,0
BRDA:309,15,1,0
BRDA:336,16,0,0
BRDA:336,16,1,0
BRDA:344,17,0,0
BRDA:344,17,1,0
BRDA:350,18,0,0
BRDA:350,18,1,0
BRDA:369,19,0,0
BRDA:369,19,1,0
BRDA:381,20,0,0
BRDA:381,20,1,0
BRDA:385,21,0,0
BRDA:385,21,1,0
BRDA:387,22,0,0
BRDA:387,22,1,0
BRDA:406,23,0,0
BRDA:406,23,1,0
BRDA:410,24,0,0
BRDA:410,24,1,0
BRDA:436,25,0,0
BRDA:436,25,1,0
BRDA:453,26,0,0
BRDA:453,26,1,0
BRDA:468,27,0,0
BRDA:468,27,1,0
BRDA:475,28,0,0
BRDA:475,28,1,0
BRDA:504,29,0,0
BRDA:504,29,1,0
BRDA:508,30,0,0
BRDA:508,30,1,0
BRDA:538,31,0,0
BRDA:538,31,1,0
BRDA:542,32,0,0
BRDA:542,32,1,0
BRDA:560,33,0,0
BRDA:560,33,1,0
BRDA:573,34,0,0
BRDA:573,34,1,0
BRDA:580,35,0,0
BRDA:580,35,1,0
BRDA:587,36,0,0
BRDA:587,36,1,0
BRDA:618,37,0,0
BRDA:618,37,1,0
BRDA:622,38,0,0
BRDA:622,38,1,0
BRDA:663,39,0,0
BRDA:663,39,1,0
BRDA:719,40,0,0
BRDA:719,40,1,0
BRF:80
BRH:0
end_of_record
TN:
SF:client/src/pages/agent-queue.tsx
FN:42,AgentQueue
FN:77,(anonymous_1)
FN:80,(anonymous_2)
FN:92,(anonymous_3)
FN:102,(anonymous_4)
FN:108,(anonymous_5)
FN:133,(anonymous_6)
FN:134,(anonymous_7)
FN:135,(anonymous_8)
FN:169,(anonymous_9)
FN:276,(anonymous_10)
FN:311,(anonymous_11)
FN:327,(anonymous_12)
FN:328,(anonymous_13)
FN:330,(anonymous_14)
FN:339,(anonymous_15)
FN:358,(anonymous_16)
FN:360,(anonymous_17)
FNF:18
FNH:0
FNDA:0,AgentQueue
FNDA:0,(anonymous_1)
FNDA:0,(anonymous_2)
FNDA:0,(anonymous_3)
FNDA:0,(anonymous_4)
FNDA:0,(anonymous_5)
FNDA:0,(anonymous_6)
FNDA:0,(anonymous_7)
FNDA:0,(anonymous_8)
FNDA:0,(anonymous_9)
FNDA:0,(anonymous_10)
FNDA:0,(anonymous_11)
FNDA:0,(anonymous_12)
FNDA:0,(anonymous_13)
FNDA:0,(anonymous_14)
FNDA:0,(anonymous_15)
FNDA:0,(anonymous_16)
FNDA:0,(anonymous_17)
DA:43,0
DA:44,0
DA:45,0
DA:46,0
DA:49,0
DA:52,0
DA:58,0
DA:64,0
DA:70,0
DA:76,0
DA:78,0
DA:81,0
DA:86,0
DA:87,0
DA:88,0
DA:90,0
DA:93,0
DA:102,0
DA:103,0
DA:104,0
DA:108,0
DA:109,0
DA:111,0
DA:117,0
DA:123,0
DA:129,0
DA:133,0
DA:134,0
DA:135,0
DA:136,0
DA:137,0
DA:139,0
DA:169,0
DA:236,0
DA:276,0
DA:311,0
DA:328,0
DA:329,0
DA:330,0
DA:332,0
DA:339,0
DA:358,0
DA:360,0
LF:43
LH:0
BRDA:52,0,0,0
BRDA:58,1,0,0
BRDA:64,2,0,0
BRDA:70,3,0,0
BRDA:103,4,0,0
BRDA:103,4,1,0
BRDA:109,5,0,0
BRDA:109,5,1,0
BRDA:109,5,2,0
BRDA:109,5,3,0
BRDA:133,6,0,0
BRDA:137,7,0,0
BRDA:137,7,1,0
BRDA:143,8,0,0
BRDA:143,8,1,0
BRDA:153,9,0,0
BRDA:153,9,1,0
BRDA:165,10,0,0
BRDA:165,10,1,0
BRDA:179,11,0,0
BRDA:179,11,1,0
BRDA:184,12,0,0
BRDA:184,12,1,0
BRDA:189,13,0,0
BRDA:189,13,1,0
BRDA:198,14,0,0
BRDA:198,14,1,0
BRDA:204,15,0,0
BRDA:204,15,1,0
BRDA:207,16,0,0
BRDA:207,16,1,0
BRDA:213,17,0,0
BRDA:213,17,1,0
BRDA:220,18,0,0
BRDA:220,18,1,0
BRDA:220,18,2,0
BRDA:226,19,0,0
BRDA:226,19,1,0
BRDA:226,19,2,0
BRDA:302,20,0,0
BRDA:302,20,1,0
BRDA:304,21,0,0
BRDA:304,21,1,0
BRDA:318,22,0,0
BRDA:318,22,1,0
BRDA:320,23,0,0
BRDA:320,23,1,0
BRDA:336,24,0,0
BRDA:336,24,1,0
BRDA:341,25,0,0
BRDA:341,25,1,0
BRDA:343,26,0,0
BRDA:343,26,1,0
BRDA:354,27,0,0
BRDA:354,27,1,0
BRF:55
BRH:0
end_of_record
TN:
SF:client/src/pages/analytics.tsx
FN:28,(anonymous_0)
FN:37,(anonymous_1)
FN:44,(anonymous_2)
FN:102,Analytics
FN:106,(anonymous_4)
FN:128,(anonymous_5)
FN:141,(anonymous_6)
FN:227,(anonymous_7)
FN:255,(anonymous_8)
FN:267,(anonymous_9)
FN:274,(anonymous_10)
FN:283,(anonymous_11)
FN:293,(anonymous_12)
FN:299,(anonymous_13)
FN:305,(anonymous_14)
FN:368,(anonymous_15)
FN:407,(anonymous_16)
FN:438,(anonymous_17)
FN:469,(anonymous_18)
FN:503,(anonymous_19)
FN:534,(anonymous_20)
FN:565,(anonymous_21)
FN:595,(anonymous_22)
FN:619,(anonymous_23)
FN:645,(anonymous_24)
FN:674,(anonymous_25)
FN:697,(anonymous_26)
FN:720,(anonymous_27)
FNF:28
FNH:0
FNDA:0,(anonymous_0)
FNDA:0,(anonymous_1)
FNDA:0,(anonymous_2)
FNDA:0,Analytics
FNDA:0,(anonymous_4)
FNDA:0,(anonymous_5)
FNDA:0,(anonymous_6)
FNDA:0,(anonymous_7)
FNDA:0,(anonymous_8)
FNDA:0,(anonymous_9)
FNDA:0,(anonymous_10)
FNDA:0,(anonymous_11)
FNDA:0,(anonymous_12)
FNDA:0,(anonymous_13)
FNDA:0,(anonymous_14)
FNDA:0,(anonymous_15)
FNDA:0,(anonymous_16)
FNDA:0,(anonymous_17)
FNDA:0,(anonymous_18)
FNDA:0,(anonymous_19)
FNDA:0,(anonymous_20)
FNDA:0,(anonymous_21)
FNDA:0,(anonymous_22)
FNDA:0,(anonymous_23)
FNDA:0,(anonymous_24)
FNDA:0,(anonymous_25)
FNDA:0,(anonymous_26)
FNDA:0,(anonymous_27)
DA:28,0
DA:30,0
DA:35,0
DA:37,0
DA:41,0
DA:44,0
DA:103,0
DA:106,0
DA:107,0
DA:108,0
DA:110,0
DA:111,0
DA:113,0
DA:119,0
DA:120,0
DA:123,0
DA:128,0
DA:129,0
DA:130,0
DA:131,0
DA:135,0
DA:142,0
DA:143,0
DA:145,0
DA:146,0
DA:149,0
DA:150,0
DA:152,0
DA:153,0
DA:164,0
DA:165,0
DA:166,0
DA:175,0
DA:176,0
DA:187,0
DA:188,0
DA:189,0
DA:192,0
DA:193,0
DA:196,0
DA:201,0
DA:202,0
DA:205,0
DA:209,0
DA:210,0
DA:217,0
DA:228,0
DA:229,0
DA:230,0
DA:231,0
DA:255,0
DA:267,0
DA:274,0
DA:283,0
DA:293,0
DA:299,0
DA:305,0
DA:310,0
DA:369,0
DA:370,0
DA:407,0
DA:438,0
DA:469,0
DA:503,0
DA:534,0
DA:565,0
DA:595,0
DA:619,0
DA:645,0
DA:674,0
DA:697,0
DA:720,0
LF:72
LH:0
BRDA:44,0,0,0
BRDA:44,0,1,0
BRDA:125,1,0,0
BRDA:125,1,1,0
BRDA:130,2,0,0
BRDA:130,2,1,0
BRDA:130,3,0,0
BRDA:130,3,1,0
BRDA:145,4,0,0
BRDA:145,4,1,0
BRDA:152,5,0,0
BRDA:152,5,1,0
BRDA:175,6,0,0
BRDA:175,6,1,0
BRDA:192,7,0,0
BRDA:192,7,1,0
BRDA:201,8,0,0
BRDA:201,8,1,0
BRDA:209,9,0,0
BRDA:209,9,1,0
BRDA:220,10,0,0
BRDA:220,10,1,0
BRDA:228,11,0,0
BRDA:228,11,1,0
BRDA:239,12,0,0
BRDA:239,12,1,0
BRDA:246,13,0,0
BRDA:246,13,1,0
BRDA:255,14,0,0
BRDA:255,14,1,0
BRDA:267,15,0,0
BRDA:267,15,1,0
BRDA:274,16,0,0
BRDA:274,16,1,0
BRDA:283,17,0,0
BRDA:283,17,1,0
BRDA:293,18,0,0
BRDA:293,18,1,0
BRDA:299,19,0,0
BRDA:299,19,1,0
BRDA:305,20,0,0
BRDA:305,20,1,0
BRDA:316,21,0,0
BRDA:316,21,1,0
BRDA:319,22,0,0
BRDA:319,22,1,0
BRDA:321,23,0,0
BRDA:321,23,1,0
BRDA:336,24,0,0
BRDA:336,24,1,0
BRDA:338,25,0,0
BRDA:338,25,1,0
BRDA:339,26,0,0
BRDA:339,26,1,0
BRF:54
BRH:0
end_of_record
TN:
SF:client/src/pages/api-keys.tsx
FN:34,ApiKeysPage
FN:48,(anonymous_1)
FN:52,(anonymous_2)
FN:63,(anonymous_3)
FN:74,(anonymous_4)
FN:78,(anonymous_5)
FN:87,(anonymous_6)
FN:96,(anonymous_7)
FN:143,(anonymous_8)
FN:153,(anonymous_9)
FN:189,(anonymous_10)
FN:198,(anonymous_11)
FN:205,(anonymous_12)
FN:231,(anonymous_13)
FN:259,(anonymous_14)
FN:314,(anonymous_15)
FNF:16
FNH:0
FNDA:0,ApiKeysPage
FNDA:0,(anonymous_1)
FNDA:0,(anonymous_2)
FNDA:0,(anonymous_3)
FNDA:0,(anonymous_4)
FNDA:0,(anonymous_5)
FNDA:0,(anonymous_6)
FNDA:0,(anonymous_7)
FNDA:0,(anonymous_8)
FNDA:0,(anonymous_9)
FNDA:0,(anonymous_10)
FNDA:0,(anonymous_11)
FNDA:0,(anonymous_12)
FNDA:0,(anonymous_13)
FNDA:0,(anonymous_14)
FNDA:0,(anonymous_15)
DA:35,0
DA:36,0
DA:37,0
DA:38,0
DA:39,0
DA:42,0
DA:47,0
DA:49,0
DA:50,0
DA:53,0
DA:54,0
DA:55,0
DA:56,0
DA:57,0
DA:58,0
DA:64,0
DA:73,0
DA:75,0
DA:76,0
DA:79,0
DA:81,0
DA:82,0
DA:88,0
DA:96,0
DA:97,0
DA:98,0
DA:104,0
DA:105,0
DA:112,0
DA:143,0
DA:153,0
DA:189,0
DA:198,0
DA:206,0
DA:207,0
DA:232,0
DA:259,0
DA:315,0
DA:316,0
DA:324,0
LF:40
LH:0
BRDA:42,0,0,0
BRDA:104,1,0,0
BRDA:104,1,1,0
BRDA:157,2,0,0
BRDA:157,2,1,0
BRDA:165,3,0,0
BRDA:165,3,1,0
BRDA:180,4,0,0
BRDA:180,4,1,0
BRDA:192,5,0,0
BRDA:192,5,1,0
BRDA:195,6,0,0
BRDA:195,6,1,0
BRDA:220,7,0,0
BRDA:220,7,1,0
BRDA:236,8,0,0
BRDA:236,8,1,0
BRDA:239,9,0,0
BRDA:239,9,1,0
BRDA:294,10,0,0
BRDA:294,10,1,0
BRDA:362,11,0,0
BRDA:362,11,1,0
BRDA:363,12,0,0
BRDA:363,12,1,0
BRDA:403,13,0,0
BRDA:403,13,1,0
BRDA:403,13,2,0
BRF:28
BRH:0
end_of_record
TN:
SF:client/src/pages/change-password.tsx
FN:28,(anonymous_0)
FN:35,ChangePasswordPage
FN:50,(anonymous_2)
FN:57,(anonymous_3)
FN:68,(anonymous_4)
FN:77,(anonymous_5)
FN:87,(anonymous_6)
FN:107,(anonymous_7)
FN:126,(anonymous_8)
FN:145,(anonymous_9)
FN:183,(anonymous_10)
FNF:11
FNH:0
FNDA:0,(anonymous_0)
FNDA:0,ChangePasswordPage
FNDA:0,(anonymous_2)
FNDA:0,(anonymous_3)
FNDA:0,(anonymous_4)
FNDA:0,(anonymous_5)
FNDA:0,(anonymous_6)
FNDA:0,(anonymous_7)
FNDA:0,(anonymous_8)
FNDA:0,(anonymous_9)
FNDA:0,(anonymous_10)
DA:22,0
DA:28,0
DA:36,0
DA:37,0
DA:38,0
DA:40,0
DA:49,0
DA:51,0
DA:55,0
DA:58,0
DA:62,0
DA:65,0
DA:68,0
DA:69,0
DA:70,0
DA:71,0
DA:73,0
DA:78,0
DA:87,0
DA:88,0
DA:91,0
DA:108,0
DA:127,0
DA:146,0
DA:184,0
DA:185,0
DA:187,0
LF:27
LH:0
BRDA:70,0,0,0
BRDA:70,0,1,0
BRDA:81,1,0,0
BRDA:81,1,1,0
BRDA:168,2,0,0
BRDA:168,2,1,0
BRDA:184,3,0,0
BRDA:184,3,1,0
BRF:8
BRH:0
end_of_record
TN:
SF:client/src/pages/chat.tsx
FN:16,Chat
FN:25,(anonymous_1)
FN:47,(anonymous_2)
FN:51,(anonymous_3)
FN:57,(anonymous_4)
FN:61,(anonymous_5)
FN:72,(anonymous_6)
FN:84,(anonymous_7)
FN:92,(anonymous_8)
FN:103,(anonymous_9)
FN:113,(anonymous_10)
FN:117,(anonymous_11)
FN:128,(anonymous_12)
FN:136,(anonymous_13)
FN:143,(anonymous_14)
FN:153,(anonymous_15)
FN:171,(anonymous_16)
FN:182,(anonymous_17)
FN:187,(anonymous_18)
FN:228,(anonymous_19)
FN:242,(anonymous_20)
FN:274,(anonymous_21)
FN:299,(anonymous_22)
FN:319,MessageBubble
FN:362,MessageSkeleton
FNF:25
FNH:0
FNDA:0,Chat
FNDA:0,(anonymous_1)
FNDA:0,(anonymous_2)
FNDA:0,(anonymous_3)
FNDA:0,(anonymous_4)
FNDA:0,(anonymous_5)
FNDA:0,(anonymous_6)
FNDA:0,(anonymous_7)
FNDA:0,(anonymous_8)
FNDA:0,(anonymous_9)
FNDA:0,(anonymous_10)
FNDA:0,(anonymous_11)
FNDA:0,(anonymous_12)
FNDA:0,(anonymous_13)
FNDA:0,(anonymous_14)
FNDA:0,(anonymous_15)
FNDA:0,(anonymous_16)
FNDA:0,(anonymous_17)
FNDA:0,(anonymous_18)
FNDA:0,(anonymous_19)
FNDA:0,(anonymous_20)
FNDA:0,(anonymous_21)
FNDA:0,(anonymous_22)
FNDA:0,MessageBubble
FNDA:0,MessageSkeleton
DA:17,0
DA:18,0
DA:19,0
DA:20,0
DA:21,0
DA:22,0
DA:25,0
DA:26,0
DA:27,0
DA:33,0
DA:40,0
DA:47,0
DA:50,0
DA:52,0
DA:55,0
DA:58,0
DA:59,0
DA:62,0
DA:71,0
DA:74,0
DA:75,0
DA:79,0
DA:82,0
DA:85,0
DA:86,0
DA:87,0
DA:93,0
DA:102,0
DA:104,0
DA:106,0
DA:111,0
DA:114,0
DA:115,0
DA:118,0
DA:127,0
DA:129,0
DA:131,0
DA:137,0
DA:138,0
DA:144,0
DA:153,0
DA:155,0
DA:157,0
DA:159,0
DA:160,0
DA:166,0
DA:171,0
DA:172,0
DA:173,0
DA:176,0
DA:177,0
DA:182,0
DA:183,0
DA:184,0
DA:187,0
DA:188,0
DA:189,0
DA:190,0
DA:195,0
DA:196,0
DA:199,0
DA:228,0
DA:242,0
DA:274,0
DA:299,0
DA:320,0
DA:321,0
DA:322,0
DA:325,0
DA:326,0
DA:327,0
DA:328,0
DA:330,0
DA:331,0
DA:332,0
DA:333,0
DA:334,0
DA:335,0
DA:336,0
DA:337,0
DA:338,0
DA:339,0
DA:342,0
DA:363,0
LF:84
LH:0
BRDA:26,0,0,0
BRDA:26,0,1,0
BRDA:33,1,0,0
BRDA:40,2,0,0
BRDA:42,3,0,0
BRDA:42,3,1,0
BRDA:74,4,0,0
BRDA:74,4,1,0
BRDA:104,5,0,0
BRDA:104,5,1,0
BRDA:120,6,0,0
BRDA:120,6,1,0
BRDA:129,7,0,0
BRDA:129,7,1,0
BRDA:155,8,0,0
BRDA:155,8,1,0
BRDA:157,9,0,0
BRDA:157,9,1,0
BRDA:157,10,0,0
BRDA:157,10,1,0
BRDA:160,11,0,0
BRDA:160,11,1,0
BRDA:161,12,0,0
BRDA:161,12,1,0
BRDA:161,12,2,0
BRDA:172,13,0,0
BRDA:172,13,1,0
BRDA:176,14,0,0
BRDA:176,14,1,0
BRDA:183,15,0,0
BRDA:183,15,1,0
BRDA:188,16,0,0
BRDA:188,16,1,0
BRDA:188,17,0,0
BRDA:188,17,1,0
BRDA:195,18,0,0
BRDA:195,18,1,0
BRDA:206,19,0,0
BRDA:206,19,1,0
BRDA:212,20,0,0
BRDA:212,20,1,0
BRDA:220,21,0,0
BRDA:220,21,1,0
BRDA:226,22,0,0
BRDA:226,22,1,0
BRDA:226,22,2,0
BRDA:233,23,0,0
BRDA:233,23,1,0
BRDA:247,24,0,0
BRDA:247,24,1,0
BRDA:260,25,0,0
BRDA:260,25,1,0
BRDA:265,26,0,0
BRDA:265,26,1,0
BRDA:278,27,0,0
BRDA:278,27,1,0
BRDA:302,28,0,0
BRDA:302,28,1,0
BRDA:308,29,0,0
BRDA:308,29,1,0
BRDA:308,29,2,0
BRDA:330,30,0,0
BRDA:330,30,1,0
BRDA:335,31,0,0
BRDA:335,31,1,0
BRDA:353,32,0,0
BRDA:353,32,1,0
BRDA:362,33,0,0
BRF:68
BRH:0
end_of_record
TN:
SF:client/src/pages/forgot-password.tsx
FN:28,ForgotPassword
FN:40,(anonymous_1)
FN:44,(anonymous_2)
FN:49,(anonymous_3)
FN:55,(anonymous_4)
FN:87,(anonymous_5)
FNF:6
FNH:0
FNDA:0,ForgotPassword
FNDA:0,(anonymous_1)
FNDA:0,(anonymous_2)
FNDA:0,(anonymous_3)
FNDA:0,(anonymous_4)
FNDA:0,(anonymous_5)
DA:22,0
DA:29,0
DA:30,0
DA:32,0
DA:39,0
DA:41,0
DA:42,0
DA:45,0
DA:46,0
DA:47,0
DA:50,0
DA:51,0
DA:55,0
DA:56,0
DA:57,0
DA:58,0
DA:61,0
DA:88,0
LF:18
LH:0
BRDA:76,0,0,0
BRDA:76,0,1,0
BRDA:108,1,0,0
BRDA:108,1,1,0
BRDA:111,2,0,0
BRDA:111,2,1,0
BRF:6
BRH:0
end_of_record
TN:
SF:client/src/pages/login.tsx
FN:37,Login
FN:51,(anonymous_1)
FN:63,(anonymous_2)
FN:77,(anonymous_3)
FN:83,(anonymous_4)
FN:106,(anonymous_5)
FN:124,(anonymous_6)
FN:139,(anonymous_7)
FNF:8
FNH:0
FNDA:0,Login
FNDA:0,(anonymous_1)
FNDA:0,(anonymous_2)
FNDA:0,(anonymous_3)
FNDA:0,(anonymous_4)
FNDA:0,(anonymous_5)
FNDA:0,(anonymous_6)
FNDA:0,(anonymous_7)
DA:30,0
DA:38,0
DA:39,0
DA:40,0
DA:42,0
DA:50,0
DA:52,0
DA:53,0
DA:54,0
DA:55,0
DA:61,0
DA:65,0
DA:67,0
DA:70,0
DA:72,0
DA:75,0
DA:78,0
DA:79,0
DA:83,0
DA:85,0
DA:86,0
DA:89,0
DA:107,0
DA:125,0
DA:139,0
LF:25
LH:0
BRDA:155,0,0,0
BRDA:155,0,1,0
BRDA:158,1,0,0
BRDA:158,1,1,0
BRF:4
BRH:0
end_of_record
TN:
SF:client/src/pages/not-found.tsx
FN:4,NotFound
FNF:1
FNH:0
FNDA:0,NotFound
DA:5,0
LF:1
LH:0
BRF:0
BRH:0
end_of_record
TN:
SF:client/src/pages/onboarding.tsx
FN:44,OnboardingPage
FN:64,(anonymous_1)
FN:89,(anonymous_2)
FN:114,(anonymous_3)
FN:121,(anonymous_4)
FN:132,(anonymous_5)
FN:142,(anonymous_6)
FN:155,(anonymous_7)
FN:166,(anonymous_8)
FN:170,(anonymous_9)
FN:179,(anonymous_10)
FN:188,(anonymous_11)
FN:253,(anonymous_12)
FN:268,(anonymous_13)
FN:284,(anonymous_14)
FN:295,(anonymous_15)
FN:318,(anonymous_16)
FN:368,(anonymous_17)
FN:381,(anonymous_18)
FN:434,(anonymous_19)
FN:437,(anonymous_20)
FN:457,(anonymous_21)
FN:497,(anonymous_22)
FNF:23
FNH:0
FNDA:0,OnboardingPage
FNDA:0,(anonymous_1)
FNDA:0,(anonymous_2)
FNDA:0,(anonymous_3)
FNDA:0,(anonymous_4)
FNDA:0,(anonymous_5)
FNDA:0,(anonymous_6)
FNDA:0,(anonymous_7)
FNDA:0,(anonymous_8)
FNDA:0,(anonymous_9)
FNDA:0,(anonymous_10)
FNDA:0,(anonymous_11)
FNDA:0,(anonymous_12)
FNDA:0,(anonymous_13)
FNDA:0,(anonymous_14)
FNDA:0,(anonymous_15)
FNDA:0,(anonymous_16)
FNDA:0,(anonymous_17)
FNDA:0,(anonymous_18)
FNDA:0,(anonymous_19)
FNDA:0,(anonymous_20)
FNDA:0,(anonymous_21)
FNDA:0,(anonymous_22)
DA:45,0
DA:48,0
DA:49,0
DA:50,0
DA:51,0
DA:54,0
DA:55,0
DA:58,0
DA:64,0
DA:65,0
DA:68,0
DA:70,0
DA:71,0
DA:72,0
DA:77,0
DA:84,0
DA:88,0
DA:90,0
DA:98,0
DA:99,0
DA:100,0
DA:103,0
DA:104,0
DA:105,0
DA:107,0
DA:108,0
DA:109,0
DA:111,0
DA:115,0
DA:116,0
DA:122,0
DA:131,0
DA:133,0
DA:134,0
DA:137,0
DA:140,0
DA:143,0
DA:144,0
DA:145,0
DA:146,0
DA:148,0
DA:156,0
DA:165,0
DA:167,0
DA:168,0
DA:171,0
DA:172,0
DA:173,0
DA:174,0
DA:180,0
DA:188,0
DA:189,0
DA:190,0
DA:196,0
DA:205,0
DA:253,0
DA:268,0
DA:284,0
DA:295,0
DA:318,0
DA:368,0
DA:381,0
DA:435,0
DA:437,0
DA:438,0
DA:457,0
DA:497,0
LF:67
LH:0
BRDA:65,0,0,0
BRDA:65,0,1,0
BRDA:68,1,0,0
BRDA:68,1,1,0
BRDA:84,2,0,0
BRDA:84,2,1,0
BRDA:85,3,0,0
BRDA:85,3,1,0
BRDA:85,4,0,0
BRDA:85,4,1,0
BRDA:98,5,0,0
BRDA:98,5,1,0
BRDA:107,6,0,0
BRDA:107,6,1,0
BRDA:107,7,0,0
BRDA:107,7,1,0
BRDA:133,8,0,0
BRDA:133,8,1,0
BRDA:133,9,0,0
BRDA:133,9,1,0
BRDA:144,10,0,0
BRDA:144,10,1,0
BRDA:150,11,0,0
BRDA:150,11,1,0
BRDA:196,12,0,0
BRDA:196,12,1,0
BRDA:323,13,0,0
BRDA:323,13,1,0
BRDA:342,14,0,0
BRDA:342,14,1,0
BRDA:351,15,0,0
BRDA:351,15,1,0
BRDA:352,16,0,0
BRDA:352,16,1,0
BRDA:355,17,0,0
BRDA:355,17,1,0
BRDA:355,18,0,0
BRDA:355,18,1,0
BRDA:363,19,0,0
BRDA:363,19,1,0
BRDA:370,20,0,0
BRDA:370,20,1,0
BRDA:372,21,0,0
BRDA:372,21,1,0
BRDA:390,22,0,0
BRDA:390,22,1,0
BRDA:396,23,0,0
BRDA:396,23,1,0
BRDA:409,24,0,0
BRDA:409,24,1,0
BRDA:409,24,2,0
BRDA:409,24,3,0
BRDA:462,25,0,0
BRDA:462,25,1,0
BRDA:483,26,0,0
BRDA:483,26,1,0
BRF:56
BRH:0
end_of_record
TN:
SF:client/src/pages/platform-admin.tsx
FN:85,(anonymous_0)
FN:100,PlatformAdminPage
FN:115,(anonymous_2)
FN:169,(anonymous_3)
FN:173,(anonymous_4)
FN:195,(anonymous_5)
FN:205,(anonymous_6)
FN:209,(anonymous_7)
FN:222,(anonymous_8)
FN:232,(anonymous_9)
FN:236,(anonymous_10)
FN:248,(anonymous_11)
FN:258,(anonymous_12)
FN:262,(anonymous_13)
FN:271,(anonymous_14)
FN:281,(anonymous_15)
FN:300,(anonymous_16)
FN:310,(anonymous_17)
FN:319,(anonymous_18)
FN:323,(anonymous_19)
FN:392,(anonymous_20)
FN:454,(anonymous_21)
FN:502,(anonymous_22)
FN:560,(anonymous_23)
FN:600,(anonymous_24)
FN:649,(anonymous_25)
FN:733,(anonymous_26)
FN:765,(anonymous_27)
FN:787,(anonymous_28)
FN:801,(anonymous_29)
FN:816,(anonymous_30)
FN:844,(anonymous_31)
FN:864,(anonymous_32)
FN:913,(anonymous_33)
FN:957,(anonymous_34)
FN:993,(anonymous_35)
FN:1007,(anonymous_36)
FN:1017,(anonymous_37)
FNF:38
FNH:0
FNDA:0,(anonymous_0)
FNDA:0,PlatformAdminPage
FNDA:0,(anonymous_2)
FNDA:0,(anonymous_3)
FNDA:0,(anonymous_4)
FNDA:0,(anonymous_5)
FNDA:0,(anonymous_6)
FNDA:0,(anonymous_7)
FNDA:0,(anonymous_8)
FNDA:0,(anonymous_9)
FNDA:0,(anonymous_10)
FNDA:0,(anonymous_11)
FNDA:0,(anonymous_12)
FNDA:0,(anonymous_13)
FNDA:0,(anonymous_14)
FNDA:0,(anonymous_15)
FNDA:0,(anonymous_16)
FNDA:0,(anonymous_17)
FNDA:0,(anonymous_18)
FNDA:0,(anonymous_19)
FNDA:0,(anonymous_20)
FNDA:0,(anonymous_21)
FNDA:0,(anonymous_22)
FNDA:0,(anonymous_23)
FNDA:0,(anonymous_24)
FNDA:0,(anonymous_25)
FNDA:0,(anonymous_26)
FNDA:0,(anonymous_27)
FNDA:0,(anonymous_28)
FNDA:0,(anonymous_29)
FNDA:0,(anonymous_30)
FNDA:0,(anonymous_31)
FNDA:0,(anonymous_32)
FNDA:0,(anonymous_33)
FNDA:0,(anonymous_34)
FNDA:0,(anonymous_35)
FNDA:0,(anonymous_36)
FNDA:0,(anonymous_37)
DA:74,0
DA:87,0
DA:88,0
DA:90,0
DA:101,0
DA:102,0
DA:103,0
DA:104,0
DA:111,0
DA:112,0
DA:115,0
DA:116,0
DA:117,0
DA:122,0
DA:127,0
DA:128,0
DA:135,0
DA:148,0
DA:150,0
DA:154,0
DA:158,0
DA:162,0
DA:164,0
DA:168,0
DA:170,0
DA:171,0
DA:174,0
DA:175,0
DA:181,0
DA:190,0
DA:193,0
DA:196,0
DA:204,0
DA:206,0
DA:207,0
DA:210,0
DA:215,0
DA:216,0
DA:219,0
DA:220,0
DA:223,0
DA:231,0
DA:233,0
DA:234,0
DA:237,0
DA:242,0
DA:243,0
DA:244,0
DA:249,0
DA:257,0
DA:259,0
DA:260,0
DA:263,0
DA:267,0
DA:272,0
DA:280,0
DA:290,0
DA:298,0
DA:301,0
DA:305,0
DA:306,0
DA:307,0
DA:308,0
DA:311,0
DA:319,0
DA:320,0
DA:323,0
DA:324,0
DA:326,0
DA:328,0
DA:330,0
DA:332,0
DA:336,0
DA:393,0
DA:454,0
DA:503,0
DA:561,0
DA:563,0
DA:564,0
DA:600,0
DA:650,0
DA:733,0
DA:766,0
DA:788,0
DA:802,0
DA:817,0
DA:845,0
DA:865,0
DA:914,0
DA:915,0
DA:916,0
DA:917,0
DA:957,0
DA:993,0
DA:1008,0
DA:1009,0
DA:1010,0
DA:1018,0
DA:1019,0
DA:1024,0
DA:1025,0
DA:1026,0
DA:1028,0
DA:1032,0
DA:1033,0
DA:1036,0
LF:106
LH:0
BRDA:87,0,0,0
BRDA:87,0,1,0
BRDA:116,1,0,0
BRDA:116,1,1,0
BRDA:116,2,0,0
BRDA:116,2,1,0
BRDA:116,2,2,0
BRDA:127,3,0,0
BRDA:127,3,1,0
BRDA:127,4,0,0
BRDA:127,4,1,0
BRDA:127,4,2,0
BRDA:150,5,0,0
BRDA:158,6,0,0
BRDA:164,7,0,0
BRDA:174,8,0,0
BRDA:174,8,1,0
BRDA:184,9,0,0
BRDA:184,9,1,0
BRDA:198,10,0,0
BRDA:198,10,1,0
BRDA:225,11,0,0
BRDA:225,11,1,0
BRDA:251,12,0,0
BRDA:251,12,1,0
BRDA:274,13,0,0
BRDA:274,13,1,0
BRDA:313,14,0,0
BRDA:313,14,1,0
BRDA:324,15,0,0
BRDA:324,15,1,0
BRDA:324,15,2,0
BRDA:324,15,3,0
BRDA:372,16,0,0
BRDA:372,16,1,0
BRDA:376,17,0,0
BRDA:376,17,1,0
BRDA:415,18,0,0
BRDA:415,18,1,0
BRDA:418,19,0,0
BRDA:418,19,1,0
BRDA:428,20,0,0
BRDA:428,20,1,0
BRDA:482,21,0,0
BRDA:482,21,1,0
BRDA:486,22,0,0
BRDA:486,22,1,0
BRDA:517,23,0,0
BRDA:517,23,1,0
BRDA:520,24,0,0
BRDA:520,24,1,0
BRDA:538,25,0,0
BRDA:538,25,1,0
BRDA:627,26,0,0
BRDA:627,26,1,0
BRDA:631,27,0,0
BRDA:631,27,1,0
BRDA:644,28,0,0
BRDA:644,28,1,0
BRDA:675,29,0,0
BRDA:675,29,1,0
BRDA:679,30,0,0
BRDA:679,30,1,0
BRDA:689,31,0,0
BRDA:689,31,1,0
BRDA:693,32,0,0
BRDA:693,32,1,0
BRDA:703,33,0,0
BRDA:703,33,1,0
BRDA:835,34,0,0
BRDA:835,34,1,0
BRDA:891,35,0,0
BRDA:891,35,1,0
BRDA:914,36,0,0
BRDA:914,36,1,0
BRDA:934,37,0,0
BRDA:934,37,1,0
BRDA:938,38,0,0
BRDA:938,38,1,0
BRDA:952,39,0,0
BRDA:952,39,1,0
BRDA:962,40,0,0
BRDA:962,40,1,0
BRDA:970,41,0,0
BRDA:970,41,1,0
BRDA:974,42,0,0
BRDA:974,42,1,0
BRDA:988,43,0,0
BRDA:988,43,1,0
BRDA:998,44,0,0
BRDA:998,44,1,0
BRDA:1018,45,0,0
BRDA:1018,45,1,0
BRDA:1024,46,0,0
BRDA:1024,46,1,0
BRDA:1026,47,0,0
BRDA:1026,47,1,0
BRDA:1032,48,0,0
BRDA:1032,48,1,0
BRDA:1041,49,0,0
BRDA:1041,49,1,0
BRDA:1041,49,2,0
BRDA:1046,50,0,0
BRDA:1046,50,1,0
BRF:104
BRH:0
end_of_record
TN:
SF:client/src/pages/platform-analytics.tsx
FN:43,(anonymous_0)
FN:52,(anonymous_1)
FN:59,(anonymous_2)
FN:117,PlatformAnalytics
FN:122,(anonymous_4)
FN:138,(anonymous_5)
FN:159,(anonymous_6)
FN:256,(anonymous_7)
FN:284,(anonymous_8)
FN:296,(anonymous_9)
FN:303,(anonymous_10)
FN:312,(anonymous_11)
FN:322,(anonymous_12)
FN:328,(anonymous_13)
FN:334,(anonymous_14)
FN:371,(anonymous_15)
FN:408,(anonymous_16)
FN:463,(anonymous_17)
FN:502,(anonymous_18)
FN:533,(anonymous_19)
FN:564,(anonymous_20)
FN:598,(anonymous_21)
FN:629,(anonymous_22)
FN:660,(anonymous_23)
FN:690,(anonymous_24)
FN:714,(anonymous_25)
FN:740,(anonymous_26)
FN:769,(anonymous_27)
FN:792,(anonymous_28)
FN:815,(anonymous_29)
FNF:30
FNH:0
FNDA:0,(anonymous_0)
FNDA:0,(anonymous_1)
FNDA:0,(anonymous_2)
FNDA:0,PlatformAnalytics
FNDA:0,(anonymous_4)
FNDA:0,(anonymous_5)
FNDA:0,(anonymous_6)
FNDA:0,(anonymous_7)
FNDA:0,(anonymous_8)
FNDA:0,(anonymous_9)
FNDA:0,(anonymous_10)
FNDA:0,(anonymous_11)
FNDA:0,(anonymous_12)
FNDA:0,(anonymous_13)
FNDA:0,(anonymous_14)
FNDA:0,(anonymous_15)
FNDA:0,(anonymous_16)
FNDA:0,(anonymous_17)
FNDA:0,(anonymous_18)
FNDA:0,(anonymous_19)
FNDA:0,(anonymous_20)
FNDA:0,(anonymous_21)
FNDA:0,(anonymous_22)
FNDA:0,(anonymous_23)
FNDA:0,(anonymous_24)
FNDA:0,(anonymous_25)
FNDA:0,(anonymous_26)
FNDA:0,(anonymous_27)
FNDA:0,(anonymous_28)
FNDA:0,(anonymous_29)
DA:43,0
DA:45,0
DA:50,0
DA:52,0
DA:56,0
DA:59,0
DA:119,0
DA:122,0
DA:123,0
DA:124,0
DA:126,0
DA:127,0
DA:129,0
DA:135,0
DA:136,0
DA:138,0
DA:139,0
DA:140,0
DA:141,0
DA:146,0
DA:151,0
DA:160,0
DA:161,0
DA:164,0
DA:165,0
DA:167,0
DA:168,0
DA:171,0
DA:172,0
DA:174,0
DA:175,0
DA:186,0
DA:187,0
DA:188,0
DA:197,0
DA:198,0
DA:209,0
DA:210,0
DA:211,0
DA:221,0
DA:222,0
DA:225,0
DA:230,0
DA:231,0
DA:234,0
DA:238,0
DA:239,0
DA:246,0
DA:257,0
DA:258,0
DA:259,0
DA:260,0
DA:284,0
DA:296,0
DA:303,0
DA:312,0
DA:322,0
DA:328,0
DA:334,0
DA:340,0
DA:341,0
DA:372,0
DA:389,0
DA:409,0
DA:464,0
DA:465,0
DA:502,0
DA:533,0
DA:564,0
DA:598,0
DA:629,0
DA:660,0
DA:690,0
DA:714,0
DA:740,0
DA:769,0
DA:792,0
DA:815,0
LF:78
LH:0
BRDA:59,0,0,0
BRDA:59,0,1,0
BRDA:140,1,0,0
BRDA:140,1,1,0
BRDA:140,2,0,0
BRDA:140,2,1,0
BRDA:146,3,0,0
BRDA:160,4,0,0
BRDA:160,4,1,0
BRDA:167,5,0,0
BRDA:167,5,1,0
BRDA:174,6,0,0
BRDA:174,6,1,0
BRDA:197,7,0,0
BRDA:197,7,1,0
BRDA:221,8,0,0
BRDA:221,8,1,0
BRDA:230,9,0,0
BRDA:230,9,1,0
BRDA:238,10,0,0
BRDA:238,10,1,0
BRDA:249,11,0,0
BRDA:249,11,1,0
BRDA:257,12,0,0
BRDA:257,12,1,0
BRDA:268,13,0,0
BRDA:268,13,1,0
BRDA:275,14,0,0
BRDA:275,14,1,0
BRDA:284,15,0,0
BRDA:284,15,1,0
BRDA:296,16,0,0
BRDA:296,16,1,0
BRDA:303,17,0,0
BRDA:303,17,1,0
BRDA:312,18,0,0
BRDA:312,18,1,0
BRDA:322,19,0,0
BRDA:322,19,1,0
BRDA:328,20,0,0
BRDA:328,20,1,0
BRDA:334,21,0,0
BRDA:334,21,1,0
BRDA:340,22,0,0
BRDA:340,22,1,0
BRDA:361,23,0,0
BRDA:361,23,1,0
BRDA:363,24,0,0
BRDA:363,24,1,0
BRDA:366,25,0,0
BRDA:366,25,1,0
BRDA:403,26,0,0
BRDA:403,26,1,0
BRDA:431,27,0,0
BRDA:431,27,1,0
BRDA:433,28,0,0
BRDA:433,28,1,0
BRDA:434,29,0,0
BRDA:434,29,1,0
BRF:59
BRH:0
end_of_record
TN:
SF:client/src/pages/reset-password.tsx
FN:28,(anonymous_0)
FN:35,ResetPassword
FN:42,(anonymous_2)
FN:61,(anonymous_3)
FN:72,(anonymous_4)
FN:83,(anonymous_5)
FN:89,(anonymous_6)
FN:94,(anonymous_7)
FN:103,(anonymous_8)
FN:137,(anonymous_9)
FN:155,(anonymous_10)
FNF:11
FNH:0
FNDA:0,(anonymous_0)
FNDA:0,ResetPassword
FNDA:0,(anonymous_2)
FNDA:0,(anonymous_3)
FNDA:0,(anonymous_4)
FNDA:0,(anonymous_5)
FNDA:0,(anonymous_6)
FNDA:0,(anonymous_7)
FNDA:0,(anonymous_8)
FNDA:0,(anonymous_9)
FNDA:0,(anonymous_10)
DA:23,0
DA:28,0
DA:36,0
DA:37,0
DA:38,0
DA:39,0
DA:40,0
DA:42,0
DA:43,0
DA:44,0
DA:45,0
DA:46,0
DA:48,0
DA:52,0
DA:60,0
DA:62,0
DA:63,0
DA:65,0
DA:66,0
DA:70,0
DA:73,0
DA:74,0
DA:75,0
DA:76,0
DA:79,0
DA:80,0
DA:83,0
DA:84,0
DA:85,0
DA:89,0
DA:90,0
DA:91,0
DA:95,0
DA:97,0
DA:98,0
DA:99,0
DA:103,0
DA:104,0
DA:105,0
DA:106,0
DA:109,0
DA:138,0
DA:156,0
LF:43
LH:0
BRDA:45,0,0,0
BRDA:45,0,1,0
BRDA:62,1,0,0
BRDA:62,1,1,0
BRDA:97,2,0,0
BRDA:97,2,1,0
BRDA:121,3,0,0
BRDA:121,3,1,0
BRDA:173,4,0,0
BRDA:173,4,1,0
BRDA:176,5,0,0
BRDA:176,5,1,0
BRDA:179,6,0,0
BRDA:179,6,1,0
BRF:14
BRH:0
end_of_record
TN:
SF:client/src/pages/team-management.tsx
FN:72,TeamManagementPage
FN:78,(anonymous_1)
FN:116,(anonymous_2)
FN:117,(anonymous_3)
FN:120,(anonymous_4)
FN:124,(anonymous_5)
FN:147,(anonymous_6)
FN:157,(anonymous_7)
FN:161,(anonymous_8)
FN:171,(anonymous_9)
FN:181,(anonymous_10)
FN:185,(anonymous_11)
FN:194,(anonymous_12)
FN:203,(anonymous_13)
FN:268,(anonymous_14)
FN:314,(anonymous_15)
FN:367,(anonymous_16)
FN:412,(anonymous_17)
FN:463,(anonymous_18)
FN:514,(anonymous_19)
FN:549,(anonymous_20)
FN:563,(anonymous_21)
FN:578,(anonymous_22)
FN:597,(anonymous_23)
FNF:24
FNH:0
FNDA:0,TeamManagementPage
FNDA:0,(anonymous_1)
FNDA:0,(anonymous_2)
FNDA:0,(anonymous_3)
FNDA:0,(anonymous_4)
FNDA:0,(anonymous_5)
FNDA:0,(anonymous_6)
FNDA:0,(anonymous_7)
FNDA:0,(anonymous_8)
FNDA:0,(anonymous_9)
FNDA:0,(anonymous_10)
FNDA:0,(anonymous_11)
FNDA:0,(anonymous_12)
FNDA:0,(anonymous_13)
FNDA:0,(anonymous_14)
FNDA:0,(anonymous_15)
FNDA:0,(anonymous_16)
FNDA:0,(anonymous_17)
FNDA:0,(anonymous_18)
FNDA:0,(anonymous_19)
FNDA:0,(anonymous_20)
FNDA:0,(anonymous_21)
FNDA:0,(anonymous_22)
FNDA:0,(anonymous_23)
DA:63,0
DA:73,0
DA:74,0
DA:75,0
DA:78,0
DA:79,0
DA:80,0
DA:85,0
DA:89,0
DA:100,0
DA:106,0
DA:111,0
DA:116,0
DA:117,0
DA:119,0
DA:121,0
DA:122,0
DA:125,0
DA:126,0
DA:132,0
DA:141,0
DA:142,0
DA:145,0
DA:148,0
DA:156,0
DA:158,0
DA:159,0
DA:162,0
DA:166,0
DA:167,0
DA:172,0
DA:180,0
DA:182,0
DA:183,0
DA:186,0
DA:190,0
DA:195,0
DA:203,0
DA:204,0
DA:207,0
DA:269,0
DA:314,0
DA:368,0
DA:412,0
DA:464,0
DA:514,0
DA:550,0
DA:564,0
DA:579,0
DA:598,0
LF:50
LH:0
BRDA:79,0,0,0
BRDA:79,0,1,0
BRDA:79,1,0,0
BRDA:79,1,1,0
BRDA:106,2,0,0
BRDA:111,3,0,0
BRDA:125,4,0,0
BRDA:125,4,1,0
BRDA:135,5,0,0
BRDA:135,5,1,0
BRDA:150,6,0,0
BRDA:150,6,1,0
BRDA:174,7,0,0
BRDA:174,7,1,0
BRDA:197,8,0,0
BRDA:197,8,1,0
BRDA:246,9,0,0
BRDA:246,9,1,0
BRDA:250,10,0,0
BRDA:250,10,1,0
BRDA:278,11,0,0
BRDA:278,11,1,0
BRDA:281,12,0,0
BRDA:281,12,1,0
BRDA:288,13,0,0
BRDA:288,13,1,0
BRDA:345,14,0,0
BRDA:345,14,1,0
BRDA:349,15,0,0
BRDA:349,15,1,0
BRDA:377,16,0,0
BRDA:377,16,1,0
BRDA:380,17,0,0
BRDA:380,17,1,0
BRDA:442,18,0,0
BRDA:442,18,1,0
BRDA:446,19,0,0
BRDA:446,19,1,0
BRDA:476,20,0,0
BRDA:476,20,1,0
BRDA:481,21,0,0
BRDA:481,21,1,0
BRDA:489,22,0,0
BRDA:489,22,1,0
BRDA:620,23,0,0
BRDA:620,23,1,0
BRDA:636,24,0,0
BRDA:636,24,1,0
BRF:48
BRH:0
end_of_record
TN:
SF:client/src/pages/widget-config.tsx
FN:43,WidgetConfigPage
FN:58,(anonymous_1)
FN:91,(anonymous_2)
FN:108,(anonymous_3)
FN:114,(anonymous_4)
FN:124,(anonymous_5)
FN:131,(anonymous_6)
FN:140,(anonymous_7)
FN:176,(anonymous_8)
FN:205,(anonymous_9)
FN:240,(anonymous_10)
FN:261,(anonymous_11)
FN:292,(anonymous_12)
FN:314,(anonymous_13)
FN:340,(anonymous_14)
FNF:15
FNH:0
FNDA:0,WidgetConfigPage
FNDA:0,(anonymous_1)
FNDA:0,(anonymous_2)
FNDA:0,(anonymous_3)
FNDA:0,(anonymous_4)
FNDA:0,(anonymous_5)
FNDA:0,(anonymous_6)
FNDA:0,(anonymous_7)
FNDA:0,(anonymous_8)
FNDA:0,(anonymous_9)
FNDA:0,(anonymous_10)
FNDA:0,(anonymous_11)
FNDA:0,(anonymous_12)
FNDA:0,(anonymous_13)
FNDA:0,(anonymous_14)
DA:32,0
DA:44,0
DA:52,0
DA:59,0
DA:66,0
DA:67,0
DA:70,0
DA:71,0
DA:74,0
DA:78,0
DA:91,0
DA:92,0
DA:93,0
DA:107,0
DA:109,0
DA:114,0
DA:120,0
DA:121,0
DA:122,0
DA:125,0
DA:126,0
DA:132,0
DA:140,0
DA:141,0
DA:144,0
DA:145,0
DA:152,0
DA:177,0
DA:206,0
DA:241,0
DA:262,0
DA:293,0
DA:315,0
DA:340,0
LF:34
LH:0
BRDA:66,0,0,0
BRDA:66,0,1,0
BRDA:70,1,0,0
BRDA:70,1,1,0
BRDA:92,2,0,0
BRDA:92,2,1,0
BRDA:98,3,0,0
BRDA:98,3,1,0
BRDA:100,4,0,0
BRDA:100,4,1,0
BRDA:111,5,0,0
BRDA:111,5,1,0
BRDA:120,6,0,0
BRDA:120,6,1,0
BRDA:144,7,0,0
BRDA:144,7,1,0
BRDA:346,8,0,0
BRDA:346,8,1,0
BRF:18
BRH:0
end_of_record
TN:
SF:server/agent-cleanup.ts
FN:10,startAgentCleanupJob
FN:13,(anonymous_1)
FN:57,(anonymous_2)
FNF:3
FNH:0
FNDA:0,startAgentCleanupJob
FNDA:0,(anonymous_1)
FNDA:0,(anonymous_2)
DA:3,0
DA:4,0
DA:11,0
DA:13,0
DA:14,0
DA:16,0
DA:17,0
DA:18,0
DA:20,0
DA:21,0
DA:23,0
DA:25,0
DA:26,0
DA:29,0
DA:30,0
DA:31,0
DA:33,0
DA:34,0
DA:42,0
DA:43,0
DA:46,0
DA:51,0
DA:54,0
DA:57,0
DA:58,0
DA:59,0
LF:26
LH:0
BRDA:25,0,0,0
BRDA:25,0,1,0
BRDA:25,1,0,0
BRDA:25,1,1,0
BRDA:29,2,0,0
BRDA:29,2,1,0
BRDA:42,3,0,0
BRDA:42,3,1,0
BRF:8
BRH:0
end_of_record
TN:
SF:server/auth.ts
FN:16,hashPassword
FN:20,verifyPassword
FN:33,generateToken
FN:37,verifyToken
FN:51,requireAuth
FN:73,optionalAuth
FN:90,assertTenant
FN:101,requirePlatformAdmin
FN:121,requireClientAdmin
FN:147,requireSupportStaff
FN:174,requireClientOrSupport
FNF:11
FNH:5
FNDA:6,hashPassword
FNDA:3,verifyPassword
FNDA:4,generateToken
FNDA:5,verifyToken
FNDA:0,requireAuth
FNDA:0,optionalAuth
FNDA:5,assertTenant
FNDA:0,requirePlatformAdmin
FNDA:0,requireClientAdmin
FNDA:0,requireSupportStaff
FNDA:0,requireClientOrSupport
DA:6,1
DA:7,0
DA:8,0
DA:9,0
DA:12,1
DA:13,1
DA:17,6
DA:21,3
DA:34,4
DA:38,5
DA:39,5
DA:41,2
DA:52,0
DA:54,0
DA:55,0
DA:56,0
DA:59,0
DA:60,0
DA:62,0
DA:63,0
DA:64,0
DA:68,0
DA:69,0
DA:74,0
DA:76,0
DA:77,0
DA:78,0
DA:80,0
DA:81,0
DA:85,0
DA:91,5
DA:92,4
DA:93,1
DA:95,4
DA:97,1
DA:107,0
DA:108,0
DA:109,0
DA:113,0
DA:114,0
DA:115,0
DA:118,0
DA:127,0
DA:128,0
DA:129,0
DA:133,0
DA:134,0
DA:135,0
DA:139,0
DA:140,0
DA:141,0
DA:144,0
DA:153,0
DA:154,0
DA:155,0
DA:159,0
DA:160,0
DA:161,0
DA:165,0
DA:166,0
DA:167,0
DA:170,0
DA:180,0
DA:181,0
DA:182,0
DA:186,0
DA:187,0
DA:188,0
DA:192,0
DA:193,0
DA:194,0
DA:197,0
LF:72
LH:14
BRDA:6,0,0,0
BRDA:6,0,1,1
BRDA:54,1,0,0
BRDA:54,1,1,0
BRDA:54,2,0,0
BRDA:54,2,1,0
BRDA:62,3,0,0
BRDA:62,3,1,0
BRDA:76,4,0,0
BRDA:76,4,1,0
BRDA:76,5,0,0
BRDA:76,5,1,0
BRDA:80,6,0,0
BRDA:80,6,1,0
BRDA:91,7,0,4
BRDA:91,7,1,1
BRDA:91,8,0,5
BRDA:91,8,1,2
BRDA:92,9,0,1
BRDA:92,9,1,3
BRDA:107,10,0,0
BRDA:107,10,1,0
BRDA:113,11,0,0
BRDA:113,11,1,0
BRDA:113,12,0,0
BRDA:113,12,1,0
BRDA:113,12,2,0
BRDA:127,13,0,0
BRDA:127,13,1,0
BRDA:133,14,0,0
BRDA:133,14,1,0
BRDA:139,15,0,0
BRDA:139,15,1,0
BRDA:153,16,0,0
BRDA:153,16,1,0
BRDA:159,17,0,0
BRDA:159,17,1,0
BRDA:165,18,0,0
BRDA:165,18,1,0
BRDA:180,19,0,0
BRDA:180,19,1,0
BRDA:186,20,0,0
BRDA:186,20,1,0
BRDA:186,21,0,0
BRDA:186,21,1,0
BRDA:192,22,0,0
BRDA:192,22,1,0
BRF:47
BRH:7
end_of_record
TN:
SF:server/db-init.ts
FN:9,initializeDatabase
FNF:1
FNH:0
FNDA:0,initializeDatabase
DA:10,0
DA:11,0
DA:13,0
DA:14,0
DA:15,0
DA:17,0
DA:19,0
DA:20,0
DA:23,0
DA:25,0
DA:38,0
DA:39,0
DA:40,0
DA:41,0
DA:42,0
DA:43,0
DA:46,0
DA:49,0
LF:18
LH:0
BRDA:19,0,0,0
BRDA:19,0,1,0
BRF:2
BRH:0
end_of_record
TN:
SF:server/email.ts
FN:8,isSkipEmailInDev
FN:20,getEmailTransporter
FN:57,getFromEmail
FN:61,sendInvitationEmail
FN:156,(anonymous_4)
FN:156,(anonymous_5)
FN:175,(anonymous_6)
FN:176,(anonymous_7)
FN:203,sendPasswordResetEmail
FN:314,sendForgotPasswordEmail
FNF:10
FNH:6
FNDA:12,isSkipEmailInDev
FNDA:10,getEmailTransporter
FNDA:10,getFromEmail
FNDA:7,sendInvitationEmail
FNDA:0,(anonymous_4)
FNDA:0,(anonymous_5)
FNDA:6,(anonymous_6)
FNDA:0,(anonymous_7)
FNDA:3,sendPasswordResetEmail
FNDA:0,sendForgotPasswordEmail
DA:9,12
DA:15,1
DA:21,10
DA:22,10
DA:23,10
DA:24,10
DA:25,10
DA:26,10
DA:29,10
DA:30,1
DA:31,1
DA:34,1
DA:36,0
DA:39,9
DA:40,9
DA:41,9
DA:42,10
DA:43,10
DA:45,10
DA:46,10
DA:47,9
DA:49,9
DA:51,9
DA:58,10
DA:68,7
DA:69,7
DA:70,7
DA:73,7
DA:74,7
DA:77,7
DA:83,7
DA:136,7
DA:137,1
DA:138,1
DA:139,1
DA:140,1
DA:141,1
DA:142,1
DA:143,1
DA:144,1
DA:145,1
DA:146,1
DA:153,6
DA:154,6
DA:156,0
DA:159,6
DA:166,6
DA:173,6
DA:176,6
DA:180,5
DA:181,5
DA:182,5
DA:187,1
DA:190,1
DA:191,0
DA:192,0
DA:198,1
DA:209,3
DA:210,3
DA:211,3
DA:214,3
DA:215,3
DA:217,3
DA:269,3
DA:270,0
DA:271,0
DA:272,0
DA:273,0
DA:274,0
DA:275,0
DA:276,0
DA:277,0
DA:278,0
DA:284,3
DA:291,3
DA:292,3
DA:293,3
DA:298,0
DA:301,0
DA:302,0
DA:303,0
DA:309,0
DA:320,0
DA:321,0
DA:322,0
DA:324,0
DA:372,0
DA:379,0
DA:380,0
DA:381,0
DA:386,0
DA:387,0
LF:92
LH:64
BRDA:10,0,0,12
BRDA:10,0,1,12
BRDA:10,0,2,3
BRDA:15,1,0,1
BRDA:15,1,1,1
BRDA:22,2,0,10
BRDA:22,2,1,0
BRDA:26,3,0,10
BRDA:26,3,1,0
BRDA:26,3,2,0
BRDA:29,4,0,1
BRDA:29,4,1,9
BRDA:30,5,0,1
BRDA:30,5,1,0
BRDA:41,6,0,9
BRDA:41,6,1,0
BRDA:42,7,0,9
BRDA:42,7,1,0
BRDA:46,8,0,9
BRDA:46,8,1,1
BRDA:47,9,0,0
BRDA:47,9,1,9
BRDA:49,10,0,9
BRDA:49,10,1,0
BRDA:49,11,0,9
BRDA:49,11,1,9
BRDA:58,12,0,10
BRDA:58,12,1,0
BRDA:58,12,2,0
BRDA:73,13,0,7
BRDA:73,13,1,0
BRDA:73,14,0,0
BRDA:73,14,1,0
BRDA:77,15,0,2
BRDA:77,15,1,5
BRDA:79,16,0,4
BRDA:79,16,1,1
BRDA:136,17,0,1
BRDA:136,17,1,6
BRDA:161,18,0,6
BRDA:161,18,1,0
BRDA:190,19,0,0
BRDA:190,19,1,1
BRDA:214,20,0,3
BRDA:214,20,1,0
BRDA:214,21,0,0
BRDA:214,21,1,0
BRDA:269,22,0,0
BRDA:269,22,1,3
BRDA:301,23,0,0
BRDA:301,23,1,0
BRF:51
BRH:30
end_of_record
TN:
SF:server/encryption.ts
FN:16,encryptApiKey
FN:28,decryptApiKey
FNF:2
FNH:2
FNDA:9,encryptApiKey
FNDA:8,decryptApiKey
DA:1,1
DA:3,1
DA:4,1
DA:6,1
DA:7,0
DA:10,1
DA:11,0
DA:14,1
DA:17,9
DA:18,9
DA:20,9
DA:21,9
DA:23,9
DA:25,9
DA:29,8
DA:30,8
DA:31,2
DA:34,6
DA:36,6
DA:37,6
DA:39,6
DA:40,6
DA:42,6
DA:43,6
DA:45,6
LF:25
LH:23
BRDA:6,0,0,0
BRDA:6,0,1,1
BRDA:10,1,0,0
BRDA:10,1,1,1
BRDA:30,2,0,2
BRDA:30,2,1,6
BRF:6
BRH:4
end_of_record
TN:
SF:server/routes.ts
FN:39,registerRoutes
FN:58,(anonymous_1)
FN:237,(anonymous_2)
FN:265,(anonymous_3)
FN:313,(anonymous_4)
FN:349,(anonymous_5)
FN:359,(anonymous_6)
FN:381,(anonymous_7)
FN:391,(anonymous_8)
FN:408,(anonymous_9)
FN:429,(anonymous_10)
FN:475,(anonymous_11)
FN:546,(anonymous_12)
FN:607,(anonymous_13)
FN:660,(anonymous_14)
FN:730,(anonymous_15)
FN:738,(anonymous_16)
FN:765,(anonymous_17)
FN:787,(anonymous_18)
FN:827,(anonymous_19)
FN:833,(anonymous_20)
FN:899,(anonymous_21)
FN:993,(anonymous_22)
FN:1008,(anonymous_23)
FN:1047,(anonymous_24)
FN:1053,(anonymous_25)
FN:1057,(anonymous_26)
FN:1083,(anonymous_27)
FN:1166,(anonymous_28)
FN:1221,(anonymous_29)
FN:1225,(anonymous_30)
FN:1253,(anonymous_31)
FN:1273,(anonymous_32)
FN:1303,(anonymous_33)
FN:1364,(anonymous_34)
FN:1371,(anonymous_35)
FN:1374,(anonymous_36)
FN:1398,(anonymous_37)
FN:1433,(anonymous_38)
FN:1444,(anonymous_39)
FN:1448,(anonymous_40)
FN:1474,(anonymous_41)
FN:1485,(anonymous_42)
FN:1518,(anonymous_43)
FN:1601,(anonymous_44)
FN:1642,(anonymous_45)
FN:1658,(anonymous_46)
FN:1733,(anonymous_47)
FN:1748,(anonymous_48)
FN:1773,(anonymous_49)
FN:1797,(anonymous_50)
FN:1798,(anonymous_51)
FN:1799,(anonymous_52)
FN:1803,(anonymous_53)
FN:1812,(anonymous_54)
FN:1831,(anonymous_55)
FN:1883,(anonymous_56)
FN:1913,(anonymous_57)
FN:1963,(anonymous_58)
FN:2008,(anonymous_59)
FN:2017,(anonymous_60)
FN:2039,(anonymous_61)
FN:2091,(anonymous_62)
FN:2117,(anonymous_63)
FN:2183,(anonymous_64)
FN:2184,(anonymous_65)
FN:2265,(anonymous_66)
FN:2279,(anonymous_67)
FN:2300,(anonymous_68)
FN:2311,(anonymous_69)
FN:2328,(anonymous_70)
FN:2337,(anonymous_71)
FN:2347,(anonymous_72)
FN:2349,(anonymous_73)
FN:2606,(anonymous_74)
FN:2633,(anonymous_75)
FN:2637,(anonymous_76)
FN:2638,(anonymous_77)
FN:2642,(anonymous_78)
FN:2643,(anonymous_79)
FN:2647,(anonymous_80)
FN:2667,(anonymous_81)
FN:2707,(anonymous_82)
FN:2777,(anonymous_83)
FN:2778,(anonymous_84)
FN:2838,(anonymous_85)
FN:2843,(anonymous_86)
FN:3093,(anonymous_87)
FN:3120,(anonymous_88)
FN:3123,(anonymous_89)
FN:3124,(anonymous_90)
FN:3127,(anonymous_91)
FN:3128,(anonymous_92)
FN:3131,(anonymous_93)
FN:3147,(anonymous_94)
FN:3180,(anonymous_95)
FN:3188,(anonymous_96)
FN:3191,(anonymous_97)
FN:3198,(anonymous_98)
FN:3242,(anonymous_99)
FN:3251,(anonymous_100)
FN:3262,(anonymous_101)
FN:3275,(anonymous_102)
FN:3293,(anonymous_103)
FN:3309,(anonymous_104)
FN:3326,(anonymous_105)
FN:3339,(anonymous_106)
FN:3352,(anonymous_107)
FN:3365,(anonymous_108)
FN:3387,(anonymous_109)
FN:3409,(anonymous_110)
FN:3424,(anonymous_111)
FN:3450,(anonymous_112)
FN:3468,(anonymous_113)
FN:3493,(anonymous_114)
FN:3517,(anonymous_115)
FN:3536,(anonymous_116)
FN:3561,(anonymous_117)
FN:3595,(anonymous_118)
FN:3622,(anonymous_119)
FN:3671,(anonymous_120)
FN:3684,(anonymous_121)
FN:3721,(anonymous_122)
FN:3742,(anonymous_123)
FN:3758,(anonymous_124)
FN:3766,(anonymous_125)
FN:3778,(anonymous_126)
FN:3822,(anonymous_127)
FN:3860,(anonymous_128)
FN:3899,(anonymous_129)
FN:3941,(anonymous_130)
FN:3974,(anonymous_131)
FN:3982,(anonymous_132)
FN:4047,(anonymous_133)
FN:4071,(anonymous_134)
FN:4084,(anonymous_135)
FN:4146,(anonymous_136)
FN:4154,(anonymous_137)
FN:4204,(anonymous_138)
FN:4210,(anonymous_139)
FN:4216,(anonymous_140)
FN:4235,(anonymous_141)
FN:4247,(anonymous_142)
FN:4284,(anonymous_143)
FN:4305,(anonymous_144)
FN:4342,(anonymous_145)
FN:4397,(anonymous_146)
FN:4449,(anonymous_147)
FN:4481,(anonymous_148)
FN:4534,(anonymous_149)
FN:4541,(anonymous_150)
FN:4548,(anonymous_151)
FN:4555,(anonymous_152)
FN:4563,(anonymous_153)
FN:4620,(anonymous_154)
FN:4649,(anonymous_155)
FN:4658,getRetellAgentResponse
FN:4729,(anonymous_157)
FN:4736,(anonymous_158)
FN:4742,(anonymous_159)
FN:4772,generateConversationSummary
FN:4780,(anonymous_161)
FN:4781,(anonymous_162)
FNF:163
FNH:0
FNDA:0,registerRoutes
FNDA:0,(anonymous_1)
FNDA:0,(anonymous_2)
FNDA:0,(anonymous_3)
FNDA:0,(anonymous_4)
FNDA:0,(anonymous_5)
FNDA:0,(anonymous_6)
FNDA:0,(anonymous_7)
FNDA:0,(anonymous_8)
FNDA:0,(anonymous_9)
FNDA:0,(anonymous_10)
FNDA:0,(anonymous_11)
FNDA:0,(anonymous_12)
FNDA:0,(anonymous_13)
FNDA:0,(anonymous_14)
FNDA:0,(anonymous_15)
FNDA:0,(anonymous_16)
FNDA:0,(anonymous_17)
FNDA:0,(anonymous_18)
FNDA:0,(anonymous_19)
FNDA:0,(anonymous_20)
FNDA:0,(anonymous_21)
FNDA:0,(anonymous_22)
FNDA:0,(anonymous_23)
FNDA:0,(anonymous_24)
FNDA:0,(anonymous_25)
FNDA:0,(anonymous_26)
FNDA:0,(anonymous_27)
FNDA:0,(anonymous_28)
FNDA:0,(anonymous_29)
FNDA:0,(anonymous_30)
FNDA:0,(anonymous_31)
FNDA:0,(anonymous_32)
FNDA:0,(anonymous_33)
FNDA:0,(anonymous_34)
FNDA:0,(anonymous_35)
FNDA:0,(anonymous_36)
FNDA:0,(anonymous_37)
FNDA:0,(anonymous_38)
FNDA:0,(anonymous_39)
FNDA:0,(anonymous_40)
FNDA:0,(anonymous_41)
FNDA:0,(anonymous_42)
FNDA:0,(anonymous_43)
FNDA:0,(anonymous_44)
FNDA:0,(anonymous_45)
FNDA:0,(anonymous_46)
FNDA:0,(anonymous_47)
FNDA:0,(anonymous_48)
FNDA:0,(anonymous_49)
FNDA:0,(anonymous_50)
FNDA:0,(anonymous_51)
FNDA:0,(anonymous_52)
FNDA:0,(anonymous_53)
FNDA:0,(anonymous_54)
FNDA:0,(anonymous_55)
FNDA:0,(anonymous_56)
FNDA:0,(anonymous_57)
FNDA:0,(anonymous_58)
FNDA:0,(anonymous_59)
FNDA:0,(anonymous_60)
FNDA:0,(anonymous_61)
FNDA:0,(anonymous_62)
FNDA:0,(anonymous_63)
FNDA:0,(anonymous_64)
FNDA:0,(anonymous_65)
FNDA:0,(anonymous_66)
FNDA:0,(anonymous_67)
FNDA:0,(anonymous_68)
FNDA:0,(anonymous_69)
FNDA:0,(anonymous_70)
FNDA:0,(anonymous_71)
FNDA:0,(anonymous_72)
FNDA:0,(anonymous_73)
FNDA:0,(anonymous_74)
FNDA:0,(anonymous_75)
FNDA:0,(anonymous_76)
FNDA:0,(anonymous_77)
FNDA:0,(anonymous_78)
FNDA:0,(anonymous_79)
FNDA:0,(anonymous_80)
FNDA:0,(anonymous_81)
FNDA:0,(anonymous_82)
FNDA:0,(anonymous_83)
FNDA:0,(anonymous_84)
FNDA:0,(anonymous_85)
FNDA:0,(anonymous_86)
FNDA:0,(anonymous_87)
FNDA:0,(anonymous_88)
FNDA:0,(anonymous_89)
FNDA:0,(anonymous_90)
FNDA:0,(anonymous_91)
FNDA:0,(anonymous_92)
FNDA:0,(anonymous_93)
FNDA:0,(anonymous_94)
FNDA:0,(anonymous_95)
FNDA:0,(anonymous_96)
FNDA:0,(anonymous_97)
FNDA:0,(anonymous_98)
FNDA:0,(anonymous_99)
FNDA:0,(anonymous_100)
FNDA:0,(anonymous_101)
FNDA:0,(anonymous_102)
FNDA:0,(anonymous_103)
FNDA:0,(anonymous_104)
FNDA:0,(anonymous_105)
FNDA:0,(anonymous_106)
FNDA:0,(anonymous_107)
FNDA:0,(anonymous_108)
FNDA:0,(anonymous_109)
FNDA:0,(anonymous_110)
FNDA:0,(anonymous_111)
FNDA:0,(anonymous_112)
FNDA:0,(anonymous_113)
FNDA:0,(anonymous_114)
FNDA:0,(anonymous_115)
FNDA:0,(anonymous_116)
FNDA:0,(anonymous_117)
FNDA:0,(anonymous_118)
FNDA:0,(anonymous_119)
FNDA:0,(anonymous_120)
FNDA:0,(anonymous_121)
FNDA:0,(anonymous_122)
FNDA:0,(anonymous_123)
FNDA:0,(anonymous_124)
FNDA:0,(anonymous_125)
FNDA:0,(anonymous_126)
FNDA:0,(anonymous_127)
FNDA:0,(anonymous_128)
FNDA:0,(anonymous_129)
FNDA:0,(anonymous_130)
FNDA:0,(anonymous_131)
FNDA:0,(anonymous_132)
FNDA:0,(anonymous_133)
FNDA:0,(anonymous_134)
FNDA:0,(anonymous_135)
FNDA:0,(anonymous_136)
FNDA:0,(anonymous_137)
FNDA:0,(anonymous_138)
FNDA:0,(anonymous_139)
FNDA:0,(anonymous_140)
FNDA:0,(anonymous_141)
FNDA:0,(anonymous_142)
FNDA:0,(anonymous_143)
FNDA:0,(anonymous_144)
FNDA:0,(anonymous_145)
FNDA:0,(anonymous_146)
FNDA:0,(anonymous_147)
FNDA:0,(anonymous_148)
FNDA:0,(anonymous_149)
FNDA:0,(anonymous_150)
FNDA:0,(anonymous_151)
FNDA:0,(anonymous_152)
FNDA:0,(anonymous_153)
FNDA:0,(anonymous_154)
FNDA:0,(anonymous_155)
FNDA:0,getRetellAgentResponse
FNDA:0,(anonymous_157)
FNDA:0,(anonymous_158)
FNDA:0,(anonymous_159)
FNDA:0,generateConversationSummary
FNDA:0,(anonymous_161)
FNDA:0,(anonymous_162)
DA:41,0
DA:42,0
DA:43,0
DA:44,0
DA:49,0
DA:58,0
DA:59,0
DA:60,0
DA:65,0
DA:68,0
DA:71,0
DA:72,0
DA:74,0
DA:76,0
DA:81,0
DA:82,0
DA:86,0
DA:89,0
DA:91,0
DA:92,0
DA:93,0
DA:94,0
DA:100,0
DA:108,0
DA:109,0
DA:111,0
DA:115,0
DA:116,0
DA:117,0
DA:118,0
DA:125,0
DA:127,0
DA:133,0
DA:135,0
DA:149,0
DA:152,0
DA:153,0
DA:156,0
DA:157,0
DA:162,0
DA:163,0
DA:165,0
DA:169,0
DA:180,0
DA:182,0
DA:188,0
DA:196,0
DA:214,0
DA:215,0
DA:219,0
DA:220,0
DA:221,0
DA:225,0
DA:226,0
DA:229,0
DA:230,0
DA:235,0
DA:236,0
DA:237,0
DA:239,0
DA:240,0
DA:242,0
DA:246,0
DA:257,0
DA:259,0
DA:264,0
DA:265,0
DA:266,0
DA:267,0
DA:268,0
DA:269,0
DA:274,0
DA:280,0
DA:288,0
DA:303,0
DA:304,0
DA:305,0
DA:307,0
DA:313,0
DA:314,0
DA:315,0
DA:316,0
DA:317,0
DA:320,0
DA:321,0
DA:322,0
DA:327,0
DA:328,0
DA:331,0
DA:343,0
DA:344,0
DA:349,0
DA:350,0
DA:351,0
DA:353,0
DA:358,0
DA:359,0
DA:361,0
DA:363,0
DA:366,0
DA:367,0
DA:368,0
DA:373,0
DA:375,0
DA:376,0
DA:381,0
DA:382,0
DA:383,0
DA:384,0
DA:390,0
DA:391,0
DA:393,0
DA:394,0
DA:395,0
DA:396,0
DA:399,0
DA:401,0
DA:403,0
DA:408,0
DA:409,0
DA:410,0
DA:411,0
DA:415,0
DA:416,0
DA:417,0
DA:420,0
DA:421,0
DA:423,0
DA:424,0
DA:429,0
DA:430,0
DA:431,0
DA:433,0
DA:438,0
DA:441,0
DA:442,0
DA:443,0
DA:447,0
DA:448,0
DA:449,0
DA:453,0
DA:454,0
DA:457,0
DA:458,0
DA:461,0
DA:463,0
DA:464,0
DA:465,0
DA:467,0
DA:475,0
DA:476,0
DA:477,0
DA:481,0
DA:484,0
DA:486,0
DA:491,0
DA:492,0
DA:493,0
DA:499,0
DA:500,0
DA:501,0
DA:504,0
DA:512,0
DA:513,0
DA:516,0
DA:518,0
DA:519,0
DA:525,0
DA:527,0
DA:532,0
DA:536,0
DA:537,0
DA:538,0
DA:540,0
DA:546,0
DA:547,0
DA:548,0
DA:553,0
DA:556,0
DA:559,0
DA:560,0
DA:561,0
DA:562,0
DA:563,0
DA:564,0
DA:568,0
DA:569,0
DA:575,0
DA:576,0
DA:581,0
DA:584,0
DA:587,0
DA:588,0
DA:591,0
DA:592,0
DA:593,0
DA:596,0
DA:597,0
DA:604,0
DA:605,0
DA:606,0
DA:607,0
DA:609,0
DA:611,0
DA:615,0
DA:626,0
DA:631,0
DA:637,0
DA:639,0
DA:643,0
DA:644,0
DA:645,0
DA:647,0
DA:656,0
DA:661,0
DA:664,0
DA:676,0
DA:679,0
DA:680,0
DA:688,0
DA:698,0
DA:701,0
DA:703,0
DA:704,0
DA:705,0
DA:708,0
DA:709,0
DA:710,0
DA:712,0
DA:715,0
DA:716,0
DA:717,0
DA:719,0
DA:726,0
DA:731,0
DA:732,0
DA:736,0
DA:738,0
DA:752,0
DA:754,0
DA:755,0
DA:761,0
DA:766,0
DA:767,0
DA:769,0
DA:772,0
DA:774,0
DA:776,0
DA:778,0
DA:779,0
DA:787,0
DA:788,0
DA:789,0
DA:790,0
DA:791,0
DA:792,0
DA:795,0
DA:796,0
DA:799,0
DA:800,0
DA:801,0
DA:805,0
DA:814,0
DA:815,0
DA:823,0
DA:828,0
DA:829,0
DA:832,0
DA:834,0
DA:837,0
DA:838,0
DA:840,0
DA:841,0
DA:845,0
DA:846,0
DA:849,0
DA:854,0
DA:855,0
DA:857,0
DA:858,0
DA:862,0
DA:863,0
DA:866,0
DA:870,0
DA:886,0
DA:888,0
DA:889,0
DA:895,0
DA:900,0
DA:901,0
DA:902,0
DA:904,0
DA:905,0
DA:909,0
DA:910,0
DA:916,0
DA:917,0
DA:918,0
DA:921,0
DA:922,0
DA:929,0
DA:932,0
DA:937,0
DA:938,0
DA:939,0
DA:943,0
DA:945,0
DA:948,0
DA:949,0
DA:953,0
DA:954,0
DA:957,0
DA:959,0
DA:960,0
DA:964,0
DA:970,0
DA:973,0
DA:974,0
DA:977,0
DA:982,0
DA:983,0
DA:989,0
DA:994,0
DA:995,0
DA:997,0
DA:1000,0
DA:1001,0
DA:1002,0
DA:1006,0
DA:1007,0
DA:1008,0
DA:1011,0
DA:1016,0
DA:1017,0
DA:1020,0
DA:1024,0
DA:1025,0
DA:1027,0
DA:1031,0
DA:1037,0
DA:1038,0
DA:1043,0
DA:1048,0
DA:1049,0
DA:1052,0
DA:1053,0
DA:1057,0
DA:1070,0
DA:1072,0
DA:1073,0
DA:1079,0
DA:1084,0
DA:1085,0
DA:1086,0
DA:1089,0
DA:1091,0
DA:1092,0
DA:1097,0
DA:1099,0
DA:1101,0
DA:1102,0
DA:1108,0
DA:1112,0
DA:1113,0
DA:1120,0
DA:1121,0
DA:1127,0
DA:1128,0
DA:1132,0
DA:1133,0
DA:1138,0
DA:1141,0
DA:1142,0
DA:1143,0
DA:1147,0
DA:1149,0
DA:1153,0
DA:1155,0
DA:1156,0
DA:1162,0
DA:1167,0
DA:1168,0
DA:1171,0
DA:1172,0
DA:1175,0
DA:1176,0
DA:1177,0
DA:1181,0
DA:1182,0
DA:1185,0
DA:1186,0
DA:1189,0
DA:1190,0
DA:1191,0
DA:1197,0
DA:1198,0
DA:1200,0
DA:1204,0
DA:1210,0
DA:1211,0
DA:1217,0
DA:1222,0
DA:1223,0
DA:1225,0
DA:1240,0
DA:1242,0
DA:1243,0
DA:1249,0
DA:1254,0
DA:1255,0
DA:1256,0
DA:1257,0
DA:1262,0
DA:1263,0
DA:1269,0
DA:1274,0
DA:1275,0
DA:1276,0
DA:1281,0
DA:1282,0
DA:1284,0
DA:1286,0
DA:1287,0
DA:1288,0
DA:1290,0
DA:1299,0
DA:1304,0
DA:1306,0
DA:1307,0
DA:1309,0
DA:1316,0
DA:1319,0
DA:1320,0
DA:1328,0
DA:1336,0
DA:1337,0
DA:1339,0
DA:1340,0
DA:1341,0
DA:1343,0
DA:1344,0
DA:1346,0
DA:1349,0
DA:1350,0
DA:1351,0
DA:1353,0
DA:1360,0
DA:1365,0
DA:1366,0
DA:1367,0
DA:1370,0
DA:1371,0
DA:1374,0
DA:1385,0
DA:1387,0
DA:1388,0
DA:1394,0
DA:1399,0
DA:1400,0
DA:1401,0
DA:1403,0
DA:1406,0
DA:1408,0
DA:1409,0
DA:1413,0
DA:1414,0
DA:1418,0
DA:1420,0
DA:1422,0
DA:1423,0
DA:1429,0
DA:1434,0
DA:1435,0
DA:1436,0
DA:1439,0
DA:1443,0
DA:1444,0
DA:1448,0
DA:1461,0
DA:1463,0
DA:1464,0
DA:1470,0
DA:1475,0
DA:1476,0
DA:1477,0
DA:1479,0
DA:1481,0
DA:1484,0
DA:1485,0
DA:1487,0
DA:1488,0
DA:1489,0
DA:1493,0
DA:1494,0
DA:1497,0
DA:1503,0
DA:1505,0
DA:1509,0
DA:1511,0
DA:1512,0
DA:1518,0
DA:1519,0
DA:1520,0
DA:1526,0
DA:1529,0
DA:1530,0
DA:1531,0
DA:1534,0
DA:1535,0
DA:1538,0
DA:1539,0
DA:1543,0
DA:1547,0
DA:1548,0
DA:1552,0
DA:1555,0
DA:1567,0
DA:1570,0
DA:1578,0
DA:1591,0
DA:1592,0
DA:1593,0
DA:1595,0
DA:1601,0
DA:1602,0
DA:1603,0
DA:1608,0
DA:1611,0
DA:1612,0
DA:1613,0
DA:1617,0
DA:1618,0
DA:1619,0
DA:1623,0
DA:1626,0
DA:1628,0
DA:1630,0
DA:1631,0
DA:1632,0
DA:1634,0
DA:1642,0
DA:1643,0
DA:1645,0
DA:1646,0
DA:1648,0
DA:1649,0
DA:1650,0
DA:1652,0
DA:1653,0
DA:1658,0
DA:1659,0
DA:1661,0
DA:1662,0
DA:1664,0
DA:1667,0
DA:1668,0
DA:1669,0
DA:1673,0
DA:1682,0
DA:1688,0
DA:1689,0
DA:1696,0
DA:1707,0
DA:1712,0
DA:1714,0
DA:1716,0
DA:1723,0
DA:1724,0
DA:1725,0
DA:1727,0
DA:1733,0
DA:1734,0
DA:1736,0
DA:1737,0
DA:1739,0
DA:1740,0
DA:1742,0
DA:1743,0
DA:1748,0
DA:1749,0
DA:1751,0
DA:1752,0
DA:1755,0
DA:1756,0
DA:1757,0
DA:1759,0
DA:1760,0
DA:1761,0
DA:1763,0
DA:1769,0
DA:1774,0
DA:1776,0
DA:1777,0
DA:1783,0
DA:1784,0
DA:1785,0
DA:1787,0
DA:1788,0
DA:1789,0
DA:1790,0
DA:1794,0
DA:1797,0
DA:1798,0
DA:1799,0
DA:1801,0
DA:1803,0
DA:1807,0
DA:1812,0
DA:1820,0
DA:1821,0
DA:1828,0
DA:1832,0
DA:1834,0
DA:1835,0
DA:1837,0
DA:1840,0
DA:1841,0
DA:1842,0
DA:1846,0
DA:1849,0
DA:1850,0
DA:1851,0
DA:1853,0
DA:1854,0
DA:1855,0
DA:1856,0
DA:1857,0
DA:1858,0
DA:1860,0
DA:1863,0
DA:1868,0
DA:1870,0
DA:1871,0
DA:1879,0
DA:1884,0
DA:1886,0
DA:1887,0
DA:1889,0
DA:1891,0
DA:1892,0
DA:1898,0
DA:1900,0
DA:1902,0
DA:1903,0
DA:1909,0
DA:1914,0
DA:1916,0
DA:1917,0
DA:1920,0
DA:1921,0
DA:1922,0
DA:1930,0
DA:1931,0
DA:1937,0
DA:1940,0
DA:1946,0
DA:1947,0
DA:1949,0
DA:1950,0
DA:1951,0
DA:1953,0
DA:1959,0
DA:1964,0
DA:1966,0
DA:1967,0
DA:1972,0
DA:1973,0
DA:1979,0
DA:1982,0
DA:1984,0
DA:1985,0
DA:1989,0
DA:1990,0
DA:1992,0
DA:1993,0
DA:1994,0
DA:1996,0
DA:2004,0
DA:2009,0
DA:2011,0
DA:2012,0
DA:2014,0
DA:2017,0
DA:2026,0
DA:2028,0
DA:2029,0
DA:2035,0
DA:2040,0
DA:2042,0
DA:2043,0
DA:2046,0
DA:2049,0
DA:2052,0
DA:2053,0
DA:2054,0
DA:2057,0
DA:2060,0
DA:2068,0
DA:2077,0
DA:2078,0
DA:2079,0
DA:2081,0
DA:2087,0
DA:2092,0
DA:2094,0
DA:2095,0
DA:2097,0
DA:2100,0
DA:2102,0
DA:2104,0
DA:2105,0
DA:2113,0
DA:2118,0
DA:2120,0
DA:2121,0
DA:2124,0
DA:2127,0
DA:2128,0
DA:2129,0
DA:2149,0
DA:2154,0
DA:2157,0
DA:2160,0
DA:2161,0
DA:2165,0
DA:2166,0
DA:2172,0
DA:2173,0
DA:2175,0
DA:2176,0
DA:2178,0
DA:2181,0
DA:2182,0
DA:2183,0
DA:2184,0
DA:2185,0
DA:2186,0
DA:2189,0
DA:2191,0
DA:2195,0
DA:2200,0
DA:2201,0
DA:2202,0
DA:2204,0
DA:2205,0
DA:2206,0
DA:2212,0
DA:2213,0
DA:2216,0
DA:2221,0
DA:2224,0
DA:2225,0
DA:2226,0
DA:2232,0
DA:2233,0
DA:2234,0
DA:2235,0
DA:2240,0
DA:2241,0
DA:2245,0
DA:2246,0
DA:2250,0
DA:2251,0
DA:2254,0
DA:2258,0
DA:2263,0
DA:2264,0
DA:2265,0
DA:2266,0
DA:2268,0
DA:2269,0
DA:2270,0
DA:2277,0
DA:2278,0
DA:2279,0
DA:2280,0
DA:2282,0
DA:2283,0
DA:2285,0
DA:2286,0
DA:2288,0
DA:2291,0
DA:2292,0
DA:2293,0
DA:2299,0
DA:2300,0
DA:2301,0
DA:2307,0
DA:2308,0
DA:2309,0
DA:2311,0
DA:2312,0
DA:2313,0
DA:2315,0
DA:2316,0
DA:2318,0
DA:2319,0
DA:2322,0
DA:2323,0
DA:2324,0
DA:2327,0
DA:2328,0
DA:2330,0
DA:2331,0
DA:2337,0
DA:2338,0
DA:2345,0
DA:2346,0
DA:2347,0
DA:2349,0
DA:2350,0
DA:2351,0
DA:2352,0
DA:2353,0
DA:2358,0
DA:2359,0
DA:2360,0
DA:2362,0
DA:2382,0
DA:2383,0
DA:2384,0
DA:2385,0
DA:2386,0
DA:2387,0
DA:2388,0
DA:2390,0
DA:2391,0
DA:2392,0
DA:2393,0
DA:2394,0
DA:2400,0
DA:2401,0
DA:2403,0
DA:2404,0
DA:2405,0
DA:2410,0
DA:2411,0
DA:2421,0
DA:2422,0
DA:2437,0
DA:2438,0
DA:2443,0
DA:2444,0
DA:2448,0
DA:2449,0
DA:2453,0
DA:2454,0
DA:2457,0
DA:2458,0
DA:2462,0
DA:2463,0
DA:2467,0
DA:2468,0
DA:2469,0
DA:2470,0
DA:2471,0
DA:2473,0
DA:2478,0
DA:2482,0
DA:2483,0
DA:2487,0
DA:2488,0
DA:2489,0
DA:2490,0
DA:2494,0
DA:2495,0
DA:2496,0
DA:2500,0
DA:2501,0
DA:2504,0
DA:2505,0
DA:2506,0
DA:2507,0
DA:2508,0
DA:2509,0
DA:2511,0
DA:2515,0
DA:2516,0
DA:2520,0
DA:2521,0
DA:2522,0
DA:2523,0
DA:2524,0
DA:2525,0
DA:2529,0
DA:2530,0
DA:2531,0
DA:2537,0
DA:2538,0
DA:2539,0
DA:2540,0
DA:2541,0
DA:2542,0
DA:2545,0
DA:2546,0
DA:2547,0
DA:2551,0
DA:2553,0
DA:2554,0
DA:2556,0
DA:2560,0
DA:2561,0
DA:2573,0
DA:2575,0
DA:2576,0
DA:2579,0
DA:2583,0
DA:2586,0
DA:2587,0
DA:2590,0
DA:2591,0
DA:2594,0
DA:2595,0
DA:2598,0
DA:2599,0
DA:2600,0
DA:2605,0
DA:2606,0
DA:2633,0
DA:2636,0
DA:2637,0
DA:2638,0
DA:2641,0
DA:2642,0
DA:2643,0
DA:2646,0
DA:2647,0
DA:2666,0
DA:2668,0
DA:2673,0
DA:2677,0
DA:2696,0
DA:2697,0
DA:2703,0
DA:2708,0
DA:2709,0
DA:2712,0
DA:2715,0
DA:2716,0
DA:2717,0
DA:2743,0
DA:2748,0
DA:2751,0
DA:2754,0
DA:2755,0
DA:2759,0
DA:2760,0
DA:2766,0
DA:2767,0
DA:2769,0
DA:2770,0
DA:2772,0
DA:2775,0
DA:2776,0
DA:2777,0
DA:2778,0
DA:2779,0
DA:2780,0
DA:2783,0
DA:2787,0
DA:2791,0
DA:2795,0
DA:2796,0
DA:2797,0
DA:2799,0
DA:2800,0
DA:2801,0
DA:2807,0
DA:2808,0
DA:2811,0
DA:2813,0
DA:2814,0
DA:2816,0
DA:2817,0
DA:2818,0
DA:2820,0
DA:2823,0
DA:2826,0
DA:2827,0
DA:2828,0
DA:2832,0
DA:2837,0
DA:2838,0
DA:2842,0
DA:2843,0
DA:2844,0
DA:2846,0
DA:2847,0
DA:2849,0
DA:2850,0
DA:2852,0
DA:2856,0
DA:2857,0
DA:2883,0
DA:2884,0
DA:2885,0
DA:2886,0
DA:2887,0
DA:2888,0
DA:2889,0
DA:2890,0
DA:2892,0
DA:2898,0
DA:2899,0
DA:2900,0
DA:2901,0
DA:2902,0
DA:2903,0
DA:2908,0
DA:2909,0
DA:2910,0
DA:2912,0
DA:2913,0
DA:2916,0
DA:2917,0
DA:2918,0
DA:2921,0
DA:2922,0
DA:2925,0
DA:2929,0
DA:2932,0
DA:2933,0
DA:2936,0
DA:2937,0
DA:2941,0
DA:2942,0
DA:2944,0
DA:2945,0
DA:2947,0
DA:2948,0
DA:2950,0
DA:2951,0
DA:2953,0
DA:2956,0
DA:2958,0
DA:2959,0
DA:2973,0
DA:2974,0
DA:2975,0
DA:2977,0
DA:2980,0
DA:2981,0
DA:2982,0
DA:2983,0
DA:2984,0
DA:2985,0
DA:2987,0
DA:2990,0
DA:2991,0
DA:2992,0
DA:2993,0
DA:2994,0
DA:2995,0
DA:2996,0
DA:2998,0
DA:3002,0
DA:3003,0
DA:3004,0
DA:3012,0
DA:3013,0
DA:3014,0
DA:3015,0
DA:3017,0
DA:3021,0
DA:3023,0
DA:3024,0
DA:3026,0
DA:3027,0
DA:3032,0
DA:3033,0
DA:3034,0
DA:3035,0
DA:3036,0
DA:3037,0
DA:3039,0
DA:3041,0
DA:3042,0
DA:3044,0
DA:3048,0
DA:3049,0
DA:3061,0
DA:3063,0
DA:3064,0
DA:3067,0
DA:3071,0
DA:3074,0
DA:3075,0
DA:3078,0
DA:3079,0
DA:3082,0
DA:3083,0
DA:3086,0
DA:3087,0
DA:3088,0
DA:3092,0
DA:3093,0
DA:3120,0
DA:3122,0
DA:3123,0
DA:3124,0
DA:3126,0
DA:3127,0
DA:3128,0
DA:3130,0
DA:3131,0
DA:3146,0
DA:3148,0
DA:3154,0
DA:3173,0
DA:3174,0
DA:3180,0
DA:3181,0
DA:3188,0
DA:3189,0
DA:3190,0
DA:3191,0
DA:3192,0
DA:3193,0
DA:3194,0
DA:3198,0
DA:3199,0
DA:3200,0
DA:3203,0
DA:3204,0
DA:3205,0
DA:3206,0
DA:3207,0
DA:3211,0
DA:3212,0
DA:3213,0
DA:3214,0
DA:3215,0
DA:3218,0
DA:3219,0
DA:3220,0
DA:3223,0
DA:3225,0
DA:3228,0
DA:3229,0
DA:3233,0
DA:3235,0
DA:3236,0
DA:3237,0
DA:3242,0
DA:3243,0
DA:3244,0
DA:3245,0
DA:3247,0
DA:3251,0
DA:3252,0
DA:3253,0
DA:3256,0
DA:3262,0
DA:3263,0
DA:3264,0
DA:3265,0
DA:3266,0
DA:3267,0
DA:3269,0
DA:3270,0
DA:3275,0
DA:3276,0
DA:3277,0
DA:3278,0
DA:3279,0
DA:3280,0
DA:3281,0
DA:3283,0
DA:3284,0
DA:3285,0
DA:3287,0
DA:3293,0
DA:3294,0
DA:3295,0
DA:3296,0
DA:3297,0
DA:3298,0
DA:3300,0
DA:3301,0
DA:3303,0
DA:3304,0
DA:3309,0
DA:3310,0
DA:3311,0
DA:3312,0
DA:3313,0
DA:3314,0
DA:3316,0
DA:3317,0
DA:3326,0
DA:3327,0
DA:3328,0
DA:3329,0
DA:3330,0
DA:3331,0
DA:3333,0
DA:3334,0
DA:3339,0
DA:3340,0
DA:3341,0
DA:3342,0
DA:3343,0
DA:3344,0
DA:3346,0
DA:3347,0
DA:3352,0
DA:3353,0
DA:3354,0
DA:3355,0
DA:3356,0
DA:3357,0
DA:3359,0
DA:3360,0
DA:3365,0
DA:3366,0
DA:3367,0
DA:3368,0
DA:3369,0
DA:3370,0
DA:3372,0
DA:3373,0
DA:3376,0
DA:3378,0
DA:3379,0
DA:3384,0
DA:3388,0
DA:3389,0
DA:3390,0
DA:3391,0
DA:3393,0
DA:3394,0
DA:3397,0
DA:3399,0
DA:3400,0
DA:3403,0
DA:3404,0
DA:3408,0
DA:3409,0
DA:3411,0
DA:3412,0
DA:3416,0
DA:3419,0
DA:3422,0
DA:3423,0
DA:3424,0
DA:3425,0
DA:3426,0
DA:3438,0
DA:3440,0
DA:3441,0
DA:3447,0
DA:3451,0
DA:3452,0
DA:3453,0
DA:3454,0
DA:3456,0
DA:3458,0
DA:3459,0
DA:3462,0
DA:3463,0
DA:3467,0
DA:3468,0
DA:3470,0
DA:3471,0
DA:3475,0
DA:3476,0
DA:3483,0
DA:3486,0
DA:3487,0
DA:3491,0
DA:3492,0
DA:3493,0
DA:3494,0
DA:3495,0
DA:3505,0
DA:3507,0
DA:3508,0
DA:3514,0
DA:3518,0
DA:3519,0
DA:3520,0
DA:3521,0
DA:3522,0
DA:3524,0
DA:3526,0
DA:3527,0
DA:3530,0
DA:3531,0
DA:3535,0
DA:3536,0
DA:3538,0
DA:3539,0
DA:3543,0
DA:3544,0
DA:3551,0
DA:3559,0
DA:3560,0
DA:3561,0
DA:3563,0
DA:3564,0
DA:3580,0
DA:3582,0
DA:3583,0
DA:3584,0
DA:3586,0
DA:3592,0
DA:3596,0
DA:3597,0
DA:3598,0
DA:3599,0
DA:3601,0
DA:3603,0
DA:3604,0
DA:3607,0
DA:3608,0
DA:3610,0
DA:3611,0
DA:3622,0
DA:3623,0
DA:3624,0
DA:3631,0
DA:3632,0
DA:3635,0
DA:3636,0
DA:3637,0
DA:3641,0
DA:3642,0
DA:3645,0
DA:3657,0
DA:3663,0
DA:3665,0
DA:3666,0
DA:3671,0
DA:3672,0
DA:3673,0
DA:3674,0
DA:3675,0
DA:3676,0
DA:3678,0
DA:3679,0
DA:3684,0
DA:3685,0
DA:3686,0
DA:3687,0
DA:3688,0
DA:3695,0
DA:3698,0
DA:3700,0
DA:3701,0
DA:3704,0
DA:3705,0
DA:3709,0
DA:3712,0
DA:3714,0
DA:3719,0
DA:3720,0
DA:3721,0
DA:3722,0
DA:3723,0
DA:3734,0
DA:3736,0
DA:3737,0
DA:3742,0
DA:3743,0
DA:3744,0
DA:3745,0
DA:3746,0
DA:3747,0
DA:3749,0
DA:3750,0
DA:3755,0
DA:3759,0
DA:3760,0
DA:3761,0
DA:3762,0
DA:3764,0
DA:3765,0
DA:3766,0
DA:3769,0
DA:3771,0
DA:3772,0
DA:3778,0
DA:3779,0
DA:3780,0
DA:3781,0
DA:3782,0
DA:3791,0
DA:3792,0
DA:3793,0
DA:3797,0
DA:3809,0
DA:3814,0
DA:3816,0
DA:3817,0
DA:3822,0
DA:3823,0
DA:3824,0
DA:3825,0
DA:3826,0
DA:3834,0
DA:3843,0
DA:3846,0
DA:3850,0
DA:3852,0
DA:3853,0
DA:3860,0
DA:3861,0
DA:3862,0
DA:3863,0
DA:3864,0
DA:3868,0
DA:3869,0
DA:3870,0
DA:3871,0
DA:3872,0
DA:3874,0
DA:3879,0
DA:3880,0
DA:3882,0
DA:3886,0
DA:3887,0
DA:3890,0
DA:3891,0
DA:3893,0
DA:3894,0
DA:3899,0
DA:3900,0
DA:3901,0
DA:3909,0
DA:3910,0
DA:3911,0
DA:3914,0
DA:3915,0
DA:3917,0
DA:3918,0
DA:3919,0
DA:3920,0
DA:3921,0
DA:3925,0
DA:3926,0
DA:3930,0
DA:3933,0
DA:3935,0
DA:3936,0
DA:3940,0
DA:3941,0
DA:3943,0
DA:3944,0
DA:3945,0
DA:3947,0
DA:3950,0
DA:3951,0
DA:3960,0
DA:3965,0
DA:3966,0
DA:3967,0
DA:3969,0
DA:3974,0
DA:3975,0
DA:3976,0
DA:3977,0
DA:3978,0
DA:3982,0
DA:3983,0
DA:3984,0
DA:3993,0
DA:3994,0
DA:3995,0
DA:3998,0
DA:3999,0
DA:4001,0
DA:4002,0
DA:4003,0
DA:4004,0
DA:4005,0
DA:4009,0
DA:4010,0
DA:4014,0
DA:4016,0
DA:4017,0
DA:4024,0
DA:4029,0
DA:4030,0
DA:4032,0
DA:4033,0
DA:4034,0
DA:4041,0
DA:4042,0
DA:4043,0
DA:4047,0
DA:4051,0
DA:4053,0
DA:4056,0
DA:4057,0
DA:4058,0
DA:4062,0
DA:4064,0
DA:4065,0
DA:4067,0
DA:4069,0
DA:4070,0
DA:4071,0
DA:4076,0
DA:4077,0
DA:4081,0
DA:4082,0
DA:4084,0
DA:4086,0
DA:4087,0
DA:4088,0
DA:4091,0
DA:4094,0
DA:4096,0
DA:4104,0
DA:4111,0
DA:4113,0
DA:4118,0
DA:4123,0
DA:4124,0
DA:4125,0
DA:4129,0
DA:4130,0
DA:4131,0
DA:4132,0
DA:4133,0
DA:4134,0
DA:4135,0
DA:4138,0
DA:4146,0
DA:4147,0
DA:4148,0
DA:4149,0
DA:4150,0
DA:4154,0
DA:4155,0
DA:4156,0
DA:4157,0
DA:4165,0
DA:4166,0
DA:4167,0
DA:4170,0
DA:4171,0
DA:4173,0
DA:4174,0
DA:4175,0
DA:4176,0
DA:4177,0
DA:4181,0
DA:4182,0
DA:4186,0
DA:4189,0
DA:4190,0
DA:4192,0
DA:4193,0
DA:4196,0
DA:4197,0
DA:4198,0
DA:4203,0
DA:4204,0
DA:4210,0
DA:4216,0
DA:4218,0
DA:4221,0
DA:4228,0
DA:4229,0
DA:4230,0
DA:4232,0
DA:4235,0
DA:4236,0
DA:4237,0
DA:4238,0
DA:4239,0
DA:4247,0
DA:4248,0
DA:4249,0
DA:4261,0
DA:4262,0
DA:4263,0
DA:4266,0
DA:4267,0
DA:4269,0
DA:4270,0
DA:4271,0
DA:4272,0
DA:4273,0
DA:4277,0
DA:4278,0
DA:4282,0
DA:4283,0
DA:4284,0
DA:4288,0
DA:4303,0
DA:4304,0
DA:4305,0
DA:4306,0
DA:4310,0
DA:4325,0
DA:4333,0
DA:4334,0
DA:4335,0
DA:4337,0
DA:4342,0
DA:4343,0
DA:4344,0
DA:4345,0
DA:4352,0
DA:4353,0
DA:4354,0
DA:4357,0
DA:4358,0
DA:4360,0
DA:4361,0
DA:4362,0
DA:4363,0
DA:4364,0
DA:4368,0
DA:4369,0
DA:4372,0
DA:4374,0
DA:4375,0
DA:4378,0
DA:4379,0
DA:4380,0
DA:4381,0
DA:4384,0
DA:4391,0
DA:4392,0
DA:4397,0
DA:4398,0
DA:4399,0
DA:4400,0
DA:4408,0
DA:4409,0
DA:4410,0
DA:4413,0
DA:4414,0
DA:4416,0
DA:4417,0
DA:4418,0
DA:4419,0
DA:4420,0
DA:4424,0
DA:4425,0
DA:4428,0
DA:4430,0
DA:4431,0
DA:4434,0
DA:4435,0
DA:4439,0
DA:4447,0
DA:4448,0
DA:4449,0
DA:4450,0
DA:4454,0
DA:4470,0
DA:4472,0
DA:4473,0
DA:4474,0
DA:4476,0
DA:4481,0
DA:4482,0
DA:4483,0
DA:4484,0
DA:4492,0
DA:4493,0
DA:4494,0
DA:4497,0
DA:4498,0
DA:4500,0
DA:4501,0
DA:4502,0
DA:4503,0
DA:4504,0
DA:4508,0
DA:4509,0
DA:4512,0
DA:4514,0
DA:4515,0
DA:4519,0
DA:4520,0
DA:4521,0
DA:4523,0
DA:4526,0
DA:4528,0
DA:4529,0
DA:4534,0
DA:4535,0
DA:4536,0
DA:4537,0
DA:4538,0
DA:4541,0
DA:4542,0
DA:4543,0
DA:4544,0
DA:4545,0
DA:4548,0
DA:4549,0
DA:4550,0
DA:4551,0
DA:4552,0
DA:4555,0
DA:4556,0
DA:4557,0
DA:4558,0
DA:4559,0
DA:4563,0
DA:4564,0
DA:4565,0
DA:4574,0
DA:4575,0
DA:4576,0
DA:4579,0
DA:4580,0
DA:4582,0
DA:4583,0
DA:4584,0
DA:4585,0
DA:4586,0
DA:4590,0
DA:4591,0
DA:4594,0
DA:4597,0
DA:4598,0
DA:4600,0
DA:4602,0
DA:4605,0
DA:4606,0
DA:4610,0
DA:4618,0
DA:4619,0
DA:4620,0
DA:4621,0
DA:4622,0
DA:4635,0
DA:4640,0
DA:4641,0
DA:4642,0
DA:4644,0
DA:4649,0
DA:4650,0
DA:4651,0
DA:4652,0
DA:4653,0
DA:4664,0
DA:4666,0
DA:4669,0
DA:4670,0
DA:4671,0
DA:4676,0
DA:4679,0
DA:4682,0
DA:4683,0
DA:4685,0
DA:4686,0
DA:4687,0
DA:4689,0
DA:4690,0
DA:4698,0
DA:4701,0
DA:4709,0
DA:4713,0
DA:4714,0
DA:4715,0
DA:4722,0
DA:4725,0
DA:4726,0
DA:4727,0
DA:4729,0
DA:4734,0
DA:4736,0
DA:4738,0
DA:4741,0
DA:4742,0
DA:4745,0
DA:4746,0
DA:4749,0
DA:4752,0
DA:4753,0
DA:4754,0
DA:4757,0
DA:4758,0
DA:4759,0
DA:4760,0
DA:4763,0
DA:4764,0
DA:4766,0
DA:4767,0
DA:4773,0
DA:4775,0
DA:4776,0
DA:4780,0
DA:4781,0
DA:4783,0
DA:4790,0
DA:4792,0
DA:4793,0
LF:1796
LH:0
BRDA:43,0,0,0
BRDA:43,0,1,0
BRDA:71,1,0,0
BRDA:71,1,1,0
BRDA:74,2,0,0
BRDA:74,2,1,0
BRDA:81,3,0,0
BRDA:81,3,1,0
BRDA:89,4,0,0
BRDA:89,4,1,0
BRDA:91,5,0,0
BRDA:91,5,1,0
BRDA:92,6,0,0
BRDA:92,6,1,0
BRDA:103,7,0,0
BRDA:103,7,1,0
BRDA:116,8,0,0
BRDA:116,8,1,0
BRDA:117,9,0,0
BRDA:117,9,1,0
BRDA:143,10,0,0
BRDA:143,10,1,0
BRDA:144,11,0,0
BRDA:144,11,1,0
BRDA:152,12,0,0
BRDA:152,12,1,0
BRDA:162,13,0,0
BRDA:162,13,1,0
BRDA:162,14,0,0
BRDA:162,14,1,0
BRDA:162,14,2,0
BRDA:165,15,0,0
BRDA:165,15,1,0
BRDA:165,16,0,0
BRDA:165,16,1,0
BRDA:214,17,0,0
BRDA:214,17,1,0
BRDA:220,18,0,0
BRDA:220,18,1,0
BRDA:225,19,0,0
BRDA:225,19,1,0
BRDA:235,20,0,0
BRDA:235,20,1,0
BRDA:235,21,0,0
BRDA:235,21,1,0
BRDA:235,21,2,0
BRDA:239,22,0,0
BRDA:239,22,1,0
BRDA:242,23,0,0
BRDA:242,23,1,0
BRDA:242,24,0,0
BRDA:242,24,1,0
BRDA:266,25,0,0
BRDA:266,25,1,0
BRDA:304,26,0,0
BRDA:304,26,1,0
BRDA:321,27,0,0
BRDA:321,27,1,0
BRDA:327,28,0,0
BRDA:327,28,1,0
BRDA:327,29,0,0
BRDA:327,29,1,0
BRDA:353,30,0,0
BRDA:353,30,1,0
BRDA:354,31,0,0
BRDA:354,31,1,0
BRDA:354,31,2,0
BRDA:354,31,3,0
BRDA:361,32,0,0
BRDA:361,32,1,0
BRDA:366,33,0,0
BRDA:366,33,1,0
BRDA:384,34,0,0
BRDA:384,34,1,0
BRDA:385,35,0,0
BRDA:385,35,1,0
BRDA:385,35,2,0
BRDA:385,35,3,0
BRDA:393,36,0,0
BRDA:393,36,1,0
BRDA:415,37,0,0
BRDA:415,37,1,0
BRDA:417,38,0,0
BRDA:417,38,1,0
BRDA:442,39,0,0
BRDA:442,39,1,0
BRDA:448,40,0,0
BRDA:448,40,1,0
BRDA:457,41,0,0
BRDA:457,41,1,0
BRDA:464,42,0,0
BRDA:464,42,1,0
BRDA:487,43,0,0
BRDA:487,43,1,0
BRDA:491,44,0,0
BRDA:491,44,1,0
BRDA:512,45,0,0
BRDA:512,45,1,0
BRDA:521,46,0,0
BRDA:521,46,1,0
BRDA:522,47,0,0
BRDA:522,47,1,0
BRDA:537,48,0,0
BRDA:537,48,1,0
BRDA:562,49,0,0
BRDA:562,49,1,0
BRDA:568,50,0,0
BRDA:568,50,1,0
BRDA:575,51,0,0
BRDA:575,51,1,0
[...]
FN:741,(anonymous_77)
FN:768,(anonymous_78)
FN:794,(anonymous_79)
FN:795,(anonymous_80)
FN:798,(anonymous_81)
FN:801,(anonymous_82)
FN:808,(anonymous_83)
FN:811,(anonymous_84)
FN:819,(anonymous_85)
FN:822,(anonymous_86)
FN:825,(anonymous_87)
FN:826,(anonymous_88)
FN:829,(anonymous_89)
FN:840,(anonymous_90)
FN:852,(anonymous_91)
FN:860,(anonymous_92)
FN:869,(anonymous_93)
FN:873,(anonymous_94)
FN:900,(anonymous_95)
FN:918,(anonymous_96)
FN:921,(anonymous_97)
FN:925,(anonymous_98)
FN:929,(anonymous_99)
FN:933,(anonymous_100)
FN:942,(anonymous_101)
FN:951,(anonymous_102)
FN:965,(anonymous_103)
FN:967,(anonymous_104)
FN:971,(anonymous_105)
FN:973,(anonymous_106)
FN:974,(anonymous_107)
FN:977,(anonymous_108)
FN:990,(anonymous_109)
FN:1011,(anonymous_110)
FN:1015,(anonymous_111)
FN:1019,(anonymous_112)
FN:1023,(anonymous_113)
FN:1027,(anonymous_114)
FN:1035,(anonymous_115)
FN:1043,(anonymous_116)
FN:1057,(anonymous_117)
FN:1061,(anonymous_118)
FN:1068,(anonymous_119)
FN:1080,(anonymous_120)
FN:1089,(anonymous_121)
FN:1104,(anonymous_122)
FN:1109,(anonymous_123)
FN:1114,(anonymous_124)
FN:1120,(anonymous_125)
FN:1125,(anonymous_126)
FN:1130,(anonymous_127)
FN:1134,(anonymous_128)
FN:1139,(anonymous_129)
FN:1144,(anonymous_130)
FN:1149,(anonymous_131)
FN:1154,(anonymous_132)
FN:1159,(anonymous_133)
FN:1163,(anonymous_134)
FN:1168,(anonymous_135)
FN:1180,(anonymous_136)
FN:1184,(anonymous_137)
FN:1191,(anonymous_138)
FN:1199,(anonymous_139)
FN:1204,(anonymous_140)
FN:1209,(anonymous_141)
FN:1213,(anonymous_142)
FN:1217,(anonymous_143)
FN:1222,(anonymous_144)
FN:1226,(anonymous_145)
FN:1231,(anonymous_146)
FN:1256,(anonymous_147)
FN:1283,(anonymous_148)
FN:1327,(anonymous_149)
FN:1332,(anonymous_150)
FN:1340,(anonymous_151)
FN:1355,(anonymous_152)
FN:1366,(anonymous_153)
FN:1379,(anonymous_154)
FN:1386,(anonymous_155)
FN:1393,(anonymous_156)
FN:1400,(anonymous_157)
FN:1408,(anonymous_158)
FN:1417,(anonymous_159)
FN:1433,(anonymous_160)
FN:1439,(anonymous_161)
FN:1448,(anonymous_162)
FN:1456,(anonymous_163)
FN:1466,(anonymous_164)
FN:1479,(anonymous_165)
FN:1498,(anonymous_166)
FN:1513,(anonymous_167)
FN:1537,(anonymous_168)
FN:1550,(anonymous_169)
FN:1555,(anonymous_170)
FN:1573,(anonymous_171)
FN:1591,(anonymous_172)
FN:1621,(anonymous_173)
FN:1626,(anonymous_174)
FN:1634,(anonymous_175)
FN:1649,(anonymous_176)
FN:1675,(anonymous_177)
FN:1689,(anonymous_178)
FN:1697,(anonymous_179)
FN:1710,(anonymous_180)
FN:1717,(anonymous_181)
FN:1725,(anonymous_182)
FN:1729,(anonymous_183)
FN:1756,(anonymous_184)
FN:1760,(anonymous_185)
FN:1768,(anonymous_186)
FN:1782,(anonymous_187)
FN:1787,(anonymous_188)
FN:1802,(anonymous_189)
FN:1810,(anonymous_190)
FN:1817,(anonymous_191)
FN:1824,(anonymous_192)
FN:1838,(anonymous_193)
FN:1843,(anonymous_194)
FN:1848,(anonymous_195)
FN:1856,(anonymous_196)
FN:1864,(anonymous_197)
FN:1872,(anonymous_198)
FN:1894,(anonymous_199)
FN:1912,(anonymous_200)
FN:1919,(anonymous_201)
FN:1927,(anonymous_202)
FN:1944,(anonymous_203)
FN:1949,(anonymous_204)
FNF:205
FNH:0
FNDA:0,(anonymous_0)
FNDA:0,(anonymous_1)
FNDA:0,(anonymous_2)
FNDA:0,(anonymous_3)
FNDA:0,(anonymous_4)
FNDA:0,(anonymous_5)
FNDA:0,(anonymous_6)
FNDA:0,(anonymous_7)
FNDA:0,(anonymous_8)
FNDA:0,(anonymous_9)
FNDA:0,(anonymous_10)
FNDA:0,(anonymous_11)
FNDA:0,(anonymous_12)
FNDA:0,(anonymous_13)
FNDA:0,(anonymous_14)
FNDA:0,(anonymous_15)
FNDA:0,(anonymous_16)
FNDA:0,(anonymous_17)
FNDA:0,(anonymous_18)
FNDA:0,(anonymous_19)
FNDA:0,(anonymous_20)
FNDA:0,(anonymous_21)
FNDA:0,(anonymous_22)
FNDA:0,(anonymous_23)
FNDA:0,(anonymous_24)
FNDA:0,(anonymous_25)
FNDA:0,(anonymous_26)
FNDA:0,(anonymous_27)
FNDA:0,(anonymous_28)
FNDA:0,(anonymous_29)
FNDA:0,(anonymous_30)
FNDA:0,(anonymous_31)
FNDA:0,(anonymous_32)
FNDA:0,(anonymous_33)
FNDA:0,(anonymous_34)
FNDA:0,(anonymous_35)
FNDA:0,(anonymous_36)
FNDA:0,(anonymous_37)
FNDA:0,(anonymous_38)
FNDA:0,(anonymous_39)
FNDA:0,(anonymous_40)
FNDA:0,(anonymous_41)
FNDA:0,(anonymous_42)
FNDA:0,(anonymous_43)
FNDA:0,(anonymous_44)
FNDA:0,(anonymous_45)
FNDA:0,(anonymous_46)
FNDA:0,(anonymous_47)
FNDA:0,(anonymous_48)
FNDA:0,(anonymous_49)
FNDA:0,(anonymous_50)
FNDA:0,(anonymous_51)
FNDA:0,(anonymous_52)
FNDA:0,(anonymous_53)
FNDA:0,(anonymous_54)
FNDA:0,(anonymous_55)
FNDA:0,(anonymous_56)
FNDA:0,(anonymous_57)
FNDA:0,(anonymous_58)
FNDA:0,(anonymous_59)
FNDA:0,(anonymous_60)
FNDA:0,(anonymous_61)
FNDA:0,(anonymous_62)
FNDA:0,(anonymous_63)
FNDA:0,(anonymous_64)
FNDA:0,(anonymous_65)
FNDA:0,(anonymous_66)
FNDA:0,(anonymous_67)
FNDA:0,(anonymous_68)
FNDA:0,(anonymous_69)
FNDA:0,(anonymous_70)
FNDA:0,(anonymous_71)
FNDA:0,(anonymous_72)
FNDA:0,(anonymous_73)
FNDA:0,(anonymous_74)
FNDA:0,(anonymous_75)
FNDA:0,(anonymous_76)
FNDA:0,(anonymous_77)
FNDA:0,(anonymous_78)
FNDA:0,(anonymous_79)
FNDA:0,(anonymous_80)
FNDA:0,(anonymous_81)
FNDA:0,(anonymous_82)
FNDA:0,(anonymous_83)
FNDA:0,(anonymous_84)
FNDA:0,(anonymous_85)
FNDA:0,(anonymous_86)
FNDA:0,(anonymous_87)
FNDA:0,(anonymous_88)
FNDA:0,(anonymous_89)
FNDA:0,(anonymous_90)
FNDA:0,(anonymous_91)
FNDA:0,(anonymous_92)
FNDA:0,(anonymous_93)
FNDA:0,(anonymous_94)
FNDA:0,(anonymous_95)
FNDA:0,(anonymous_96)
FNDA:0,(anonymous_97)
FNDA:0,(anonymous_98)
FNDA:0,(anonymous_99)
FNDA:0,(anonymous_100)
FNDA:0,(anonymous_101)
FNDA:0,(anonymous_102)
FNDA:0,(anonymous_103)
FNDA:0,(anonymous_104)
FNDA:0,(anonymous_105)
FNDA:0,(anonymous_106)
FNDA:0,(anonymous_107)
FNDA:0,(anonymous_108)
FNDA:0,(anonymous_109)
FNDA:0,(anonymous_110)
FNDA:0,(anonymous_111)
FNDA:0,(anonymous_112)
FNDA:0,(anonymous_113)
FNDA:0,(anonymous_114)
FNDA:0,(anonymous_115)
FNDA:0,(anonymous_116)
FNDA:0,(anonymous_117)
FNDA:0,(anonymous_118)
FNDA:0,(anonymous_119)
FNDA:0,(anonymous_120)
FNDA:0,(anonymous_121)
FNDA:0,(anonymous_122)
FNDA:0,(anonymous_123)
FNDA:0,(anonymous_124)
FNDA:0,(anonymous_125)
FNDA:0,(anonymous_126)
FNDA:0,(anonymous_127)
FNDA:0,(anonymous_128)
FNDA:0,(anonymous_129)
FNDA:0,(anonymous_130)
FNDA:0,(anonymous_131)
FNDA:0,(anonymous_132)
FNDA:0,(anonymous_133)
FNDA:0,(anonymous_134)
FNDA:0,(anonymous_135)
FNDA:0,(anonymous_136)
FNDA:0,(anonymous_137)
FNDA:0,(anonymous_138)
FNDA:0,(anonymous_139)
FNDA:0,(anonymous_140)
FNDA:0,(anonymous_141)
FNDA:0,(anonymous_142)
FNDA:0,(anonymous_143)
FNDA:0,(anonymous_144)
FNDA:0,(anonymous_145)
FNDA:0,(anonymous_146)
FNDA:0,(anonymous_147)
FNDA:0,(anonymous_148)
FNDA:0,(anonymous_149)
FNDA:0,(anonymous_150)
FNDA:0,(anonymous_151)
FNDA:0,(anonymous_152)
FNDA:0,(anonymous_153)
FNDA:0,(anonymous_154)
FNDA:0,(anonymous_155)
FNDA:0,(anonymous_156)
FNDA:0,(anonymous_157)
FNDA:0,(anonymous_158)
FNDA:0,(anonymous_159)
FNDA:0,(anonymous_160)
FNDA:0,(anonymous_161)
FNDA:0,(anonymous_162)
FNDA:0,(anonymous_163)
FNDA:0,(anonymous_164)
FNDA:0,(anonymous_165)
FNDA:0,(anonymous_166)
FNDA:0,(anonymous_167)
FNDA:0,(anonymous_168)
FNDA:0,(anonymous_169)
FNDA:0,(anonymous_170)
FNDA:0,(anonymous_171)
FNDA:0,(anonymous_172)
FNDA:0,(anonymous_173)
FNDA:0,(anonymous_174)
FNDA:0,(anonymous_175)
FNDA:0,(anonymous_176)
FNDA:0,(anonymous_177)
FNDA:0,(anonymous_178)
FNDA:0,(anonymous_179)
FNDA:0,(anonymous_180)
FNDA:0,(anonymous_181)
FNDA:0,(anonymous_182)
FNDA:0,(anonymous_183)
FNDA:0,(anonymous_184)
FNDA:0,(anonymous_185)
FNDA:0,(anonymous_186)
FNDA:0,(anonymous_187)
FNDA:0,(anonymous_188)
FNDA:0,(anonymous_189)
FNDA:0,(anonymous_190)
FNDA:0,(anonymous_191)
FNDA:0,(anonymous_192)
FNDA:0,(anonymous_193)
FNDA:0,(anonymous_194)
FNDA:0,(anonymous_195)
FNDA:0,(anonymous_196)
FNDA:0,(anonymous_197)
FNDA:0,(anonymous_198)
FNDA:0,(anonymous_199)
FNDA:0,(anonymous_200)
FNDA:0,(anonymous_201)
FNDA:0,(anonymous_202)
FNDA:0,(anonymous_203)
FNDA:0,(anonymous_204)
DA:215,0
DA:216,0
DA:217,0
DA:218,0
DA:219,0
DA:220,0
DA:221,0
DA:222,0
DA:223,0
DA:224,0
DA:225,0
DA:226,0
DA:231,0
DA:235,0
DA:239,0
DA:240,0
DA:241,0
DA:242,0
DA:247,0
DA:251,0
DA:255,0
DA:256,0
DA:261,0
DA:262,0
DA:271,0
DA:272,0
DA:276,0
DA:277,0
DA:278,0
DA:279,0
DA:280,0
DA:284,0
DA:289,0
DA:293,0
DA:297,0
DA:301,0
DA:302,0
DA:316,0
DA:317,0
DA:324,0
DA:325,0
DA:326,0
DA:327,0
DA:328,0
DA:332,0
DA:336,0
DA:337,0
DA:338,0
DA:339,0
DA:344,0
DA:345,0
DA:346,0
DA:347,0
DA:353,0
DA:357,0
DA:361,0
DA:365,0
DA:369,0
DA:370,0
DA:380,0
DA:381,0
DA:385,0
DA:386,0
DA:387,0
DA:388,0
DA:394,0
DA:395,0
DA:396,0
DA:401,0
DA:402,0
DA:405,0
DA:406,0
DA:407,0
DA:412,0
DA:413,0
DA:417,0
DA:421,0
DA:424,0
DA:425,0
DA:426,0
DA:429,0
DA:438,0
DA:441,0
DA:451,0
DA:452,0
DA:455,0
DA:456,0
DA:457,0
DA:460,0
DA:461,0
DA:464,0
DA:465,0
DA:466,0
DA:471,0
DA:472,0
DA:476,0
DA:481,0
DA:485,0
DA:486,0
DA:487,0
DA:491,0
DA:494,0
DA:498,0
DA:502,0
DA:503,0
DA:513,0
DA:514,0
DA:522,0
DA:523,0
DA:525,0
DA:526,0
DA:527,0
DA:531,0
DA:532,0
DA:534,0
DA:535,0
DA:539,0
DA:540,0
DA:542,0
DA:543,0
DA:547,0
DA:548,0
DA:550,0
DA:551,0
DA:555,0
DA:556,0
DA:558,0
DA:559,0
DA:560,0
DA:567,0
DA:569,0
DA:571,0
DA:575,0
DA:576,0
DA:584,0
DA:585,0
DA:590,0
DA:591,0
DA:592,0
DA:597,0
DA:598,0
DA:600,0
DA:601,0
DA:605,0
DA:606,0
DA:607,0
DA:611,0
DA:612,0
DA:613,0
DA:617,0
DA:618,0
DA:619,0
DA:626,0
DA:627,0
DA:642,0
DA:643,0
DA:651,0
DA:652,0
DA:654,0
DA:657,0
DA:658,0
DA:659,0
DA:667,0
DA:668,0
DA:670,0
DA:673,0
DA:677,0
DA:678,0
DA:682,0
DA:683,0
DA:685,0
DA:687,0
DA:689,0
DA:690,0
DA:695,0
DA:696,0
DA:704,0
DA:705,0
DA:713,0
DA:715,0
DA:716,0
DA:717,0
DA:719,0
DA:727,0
DA:729,0
DA:730,0
DA:731,0
DA:733,0
DA:740,0
DA:742,0
DA:746,0
DA:747,0
DA:748,0
DA:749,0
DA:751,0
DA:752,0
DA:762,0
DA:763,0
DA:769,0
DA:770,0
DA:790,0
DA:791,0
DA:795,0
DA:799,0
DA:800,0
DA:802,0
DA:809,0
DA:810,0
DA:812,0
DA:813,0
DA:814,0
DA:815,0
DA:817,0
DA:819,0
DA:823,0
DA:824,0
DA:825,0
DA:826,0
DA:830,0
DA:831,0
DA:832,0
DA:833,0
DA:834,0
DA:836,0
DA:841,0
DA:842,0
DA:843,0
DA:844,0
DA:845,0
DA:847,0
DA:848,0
DA:853,0
DA:854,0
DA:855,0
DA:856,0
DA:862,0
DA:863,0
DA:864,0
DA:865,0
DA:870,0
DA:874,0
DA:875,0
DA:876,0
DA:878,0
DA:884,0
DA:889,0
DA:890,0
DA:891,0
DA:892,0
DA:896,0
DA:901,0
DA:902,0
DA:911,0
DA:912,0
DA:914,0
DA:915,0
DA:919,0
DA:920,0
DA:921,0
DA:926,0
DA:927,0
DA:928,0
DA:929,0
DA:934,0
DA:935,0
DA:936,0
DA:937,0
DA:938,0
DA:943,0
DA:944,0
DA:945,0
DA:946,0
DA:947,0
DA:952,0
DA:953,0
DA:954,0
DA:955,0
DA:956,0
DA:957,0
DA:958,0
DA:961,0
DA:966,0
DA:967,0
DA:972,0
DA:973,0
DA:974,0
DA:982,0
DA:983,0
DA:984,0
DA:985,0
DA:986,0
DA:991,0
DA:992,0
DA:1008,0
DA:1012,0
DA:1016,0
DA:1020,0
DA:1024,0
DA:1032,0
DA:1040,0
DA:1046,0
DA:1047,0
DA:1058,0
DA:1065,0
DA:1069,0
DA:1070,0
DA:1081,0
DA:1090,0
DA:1091,0
DA:1094,0
DA:1095,0
DA:1096,0
DA:1098,0
DA:1099,0
DA:1105,0
DA:1106,0
DA:1110,0
DA:1111,0
DA:1115,0
DA:1116,0
DA:1121,0
DA:1122,0
DA:1126,0
DA:1127,0
DA:1131,0
DA:1135,0
DA:1136,0
DA:1140,0
DA:1141,0
DA:1145,0
DA:1150,0
DA:1151,0
DA:1155,0
DA:1156,0
DA:1160,0
DA:1164,0
DA:1165,0
DA:1172,0
DA:1177,0
DA:1181,0
DA:1185,0
DA:1192,0
DA:1200,0
DA:1201,0
DA:1205,0
DA:1206,0
DA:1210,0
DA:1214,0
DA:1218,0
DA:1219,0
DA:1223,0
DA:1227,0
DA:1232,0
DA:1237,0
DA:1238,0
DA:1241,0
DA:1242,0
DA:1243,0
DA:1248,0
DA:1249,0
DA:1253,0
DA:1258,0
DA:1259,0
DA:1260,0
DA:1263,0
DA:1265,0
DA:1268,0
DA:1269,0
DA:1270,0
DA:1275,0
DA:1276,0
DA:1280,0
DA:1288,0
DA:1289,0
DA:1290,0
DA:1293,0
DA:1297,0
DA:1303,0
DA:1304,0
DA:1306,0
DA:1311,0
DA:1312,0
DA:1313,0
DA:1318,0
DA:1319,0
DA:1323,0
DA:1328,0
DA:1329,0
DA:1333,0
DA:1341,0
DA:1352,0
DA:1356,0
DA:1363,0
DA:1371,0
DA:1376,0
DA:1380,0
DA:1387,0
DA:1394,0
DA:1401,0
DA:1410,0
DA:1419,0
DA:1420,0
DA:1423,0
DA:1430,0
DA:1435,0
DA:1441,0
DA:1445,0
DA:1449,0
DA:1457,0
DA:1467,0
DA:1484,0
DA:1485,0
DA:1488,0
DA:1495,0
DA:1505,0
DA:1510,0
DA:1519,0
DA:1520,0
DA:1523,0
DA:1525,0
DA:1529,0
DA:1534,0
DA:1540,0
DA:1544,0
DA:1551,0
DA:1552,0
DA:1560,0
DA:1578,0
DA:1595,0
DA:1605,0
DA:1607,0
DA:1612,0
DA:1615,0
DA:1616,0
DA:1622,0
DA:1623,0
DA:1627,0
DA:1631,0
DA:1635,0
DA:1636,0
DA:1646,0
DA:1650,0
DA:1652,0
DA:1653,0
DA:1665,0
DA:1676,0
DA:1677,0
DA:1690,0
DA:1691,0
DA:1692,0
DA:1694,0
DA:1698,0
DA:1711,0
DA:1719,0
DA:1726,0
DA:1730,0
DA:1731,0
DA:1737,0
DA:1752,0
DA:1757,0
DA:1761,0
DA:1773,0
DA:1778,0
DA:1783,0
DA:1784,0
DA:1788,0
DA:1789,0
DA:1799,0
DA:1803,0
DA:1804,0
DA:1811,0
DA:1818,0
DA:1825,0
DA:1826,0
DA:1831,0
DA:1839,0
DA:1840,0
DA:1844,0
DA:1845,0
DA:1849,0
DA:1857,0
DA:1865,0
DA:1877,0
DA:1879,0
DA:1880,0
DA:1881,0
DA:1882,0
DA:1885,0
DA:1891,0
DA:1899,0
DA:1909,0
DA:1915,0
DA:1916,0
DA:1920,0
DA:1931,0
DA:1945,0
DA:1946,0
DA:1950,0
DA:1959,0
LF:499
LH:0
BRDA:266,0,0,0
BRDA:266,0,1,0
BRDA:267,1,0,0
BRDA:267,1,1,0
BRDA:268,2,0,0
BRDA:268,2,1,0
BRDA:277,3,0,0
BRDA:277,3,1,0
BRDA:307,4,0,0
BRDA:307,4,1,0
BRDA:308,5,0,0
BRDA:308,5,1,0
BRDA:309,6,0,0
BRDA:309,6,1,0
BRDA:310,7,0,0
BRDA:310,7,1,0
BRDA:311,8,0,0
BRDA:311,8,1,0
BRDA:312,9,0,0
BRDA:312,9,1,0
BRDA:313,10,0,0
BRDA:313,10,1,0
BRDA:314,11,0,0
BRDA:314,11,1,0
BRDA:325,12,0,0
BRDA:325,12,1,0
BRDA:337,13,0,0
BRDA:337,13,1,0
BRDA:345,14,0,0
BRDA:345,14,1,0
BRDA:372,15,0,0
BRDA:372,15,1,0
BRDA:377,16,0,0
BRDA:377,16,1,0
BRDA:378,17,0,0
BRDA:378,17,1,0
BRDA:386,18,0,0
BRDA:386,18,1,0
BRDA:395,19,0,0
BRDA:395,19,1,0
BRDA:402,20,0,0
BRDA:402,20,1,0
BRDA:405,21,0,0
BRDA:405,21,1,0
BRDA:425,22,0,0
BRDA:425,22,1,0
BRDA:432,23,0,0
BRDA:432,23,1,0
BRDA:433,24,0,0
BRDA:433,24,1,0
BRDA:434,25,0,0
BRDA:434,25,1,0
BRDA:435,26,0,0
BRDA:435,26,1,0
BRDA:443,27,0,0
BRDA:443,27,1,0
BRDA:452,28,0,0
BRDA:452,28,1,0
BRDA:456,29,0,0
BRDA:456,29,1,0
BRDA:464,30,0,0
BRDA:464,30,1,0
BRDA:494,31,0,0
BRDA:494,31,1,0
BRDA:494,31,2,0
BRDA:507,32,0,0
BRDA:507,32,1,0
BRDA:509,33,0,0
BRDA:509,33,1,0
BRDA:523,34,0,0
BRDA:523,34,1,0
BRDA:523,35,0,0
BRDA:523,35,1,0
BRDA:532,36,0,0
BRDA:532,36,1,0
BRDA:532,37,0,0
BRDA:532,37,1,0
BRDA:540,38,0,0
BRDA:540,38,1,0
BRDA:540,39,0,0
BRDA:540,39,1,0
BRDA:548,40,0,0
BRDA:548,40,1,0
BRDA:548,41,0,0
BRDA:548,41,1,0
BRDA:556,42,0,0
BRDA:556,42,1,0
BRDA:556,43,0,0
BRDA:556,43,1,0
BRDA:558,44,0,0
BRDA:558,44,1,0
BRDA:569,45,0,0
BRDA:569,45,1,0
BRDA:580,46,0,0
BRDA:580,46,1,0
BRDA:581,47,0,0
BRDA:581,47,1,0
BRDA:591,48,0,0
BRDA:591,48,1,0
BRDA:598,49,0,0
BRDA:598,49,1,0
BRDA:600,50,0,0
BRDA:600,50,1,0
BRDA:612,51,0,0
BRDA:612,51,1,0
BRDA:618,52,0,0
BRDA:618,52,1,0
BRDA:631,53,0,0
BRDA:631,53,1,0
BRDA:632,54,0,0
BRDA:632,54,1,0
BRDA:633,55,0,0
BRDA:633,55,1,0
BRDA:634,56,0,0
BRDA:634,56,1,0
BRDA:635,57,0,0
BRDA:635,57,1,0
BRDA:636,58,0,0
BRDA:636,58,1,0
BRDA:637,59,0,0
BRDA:637,59,1,0
BRDA:638,60,0,0
BRDA:638,60,1,0
BRDA:639,61,0,0
BRDA:639,61,1,0
BRDA:652,62,0,0
BRDA:652,62,1,0
BRDA:654,63,0,0
BRDA:654,63,1,0
BRDA:668,64,0,0
BRDA:668,64,1,0
BRDA:670,65,0,0
BRDA:670,65,1,0
BRDA:675,66,0,0
BRDA:675,66,1,0
BRDA:675,67,0,0
BRDA:675,67,1,0
BRDA:683,68,0,0
BRDA:683,68,1,0
BRDA:685,69,0,0
BRDA:685,69,1,0
BRDA:699,70,0,0
BRDA:699,70,1,0
BRDA:701,71,0,0
BRDA:701,71,1,0
BRDA:716,72,0,0
BRDA:716,72,1,0
BRDA:717,73,0,0
BRDA:717,73,1,0
BRDA:730,74,0,0
BRDA:730,74,1,0
BRDA:731,75,0,0
BRDA:731,75,1,0
BRDA:742,76,0,0
BRDA:742,76,1,0
BRDA:746,77,0,0
BRDA:746,77,1,0
BRDA:756,78,0,0
BRDA:756,78,1,0
BRDA:757,79,0,0
BRDA:757,79,1,0
BRDA:758,80,0,0
BRDA:758,80,1,0
BRDA:759,81,0,0
BRDA:759,81,1,0
BRDA:760,82,0,0
BRDA:760,82,1,0
BRDA:775,83,0,0
BRDA:775,83,1,0
BRDA:778,84,0,0
BRDA:778,84,1,0
BRDA:779,85,0,0
BRDA:779,85,1,0
BRDA:782,86,0,0
BRDA:782,86,1,0
BRDA:783,87,0,0
BRDA:783,87,1,0
BRDA:784,88,0,0
BRDA:784,88,1,0
BRDA:785,89,0,0
BRDA:785,89,1,0
BRDA:786,90,0,0
BRDA:786,90,1,0
BRDA:787,91,0,0
BRDA:787,91,1,0
BRDA:788,92,0,0
BRDA:788,92,1,0
BRDA:802,93,0,0
BRDA:802,93,1,0
BRDA:802,93,2,0
BRDA:802,93,3,0
BRDA:812,94,0,0
BRDA:812,94,1,0
BRDA:813,95,0,0
BRDA:813,95,1,0
BRDA:814,96,0,0
BRDA:814,96,1,0
BRDA:825,97,0,0
BRDA:825,97,1,0
BRDA:825,97,2,0
BRDA:831,98,0,0
BRDA:831,98,1,0
BRDA:833,99,0,0
BRDA:833,99,1,0
BRDA:842,100,0,0
BRDA:842,100,1,0
BRDA:854,101,0,0
BRDA:854,101,1,0
BRDA:863,102,0,0
BRDA:863,102,1,0
BRDA:884,103,0,0
BRDA:884,103,1,0
BRDA:884,103,2,0
BRDA:884,103,3,0
BRDA:889,104,0,0
BRDA:889,104,1,0
BRDA:907,105,0,0
BRDA:907,105,1,0
BRDA:911,106,0,0
BRDA:911,106,1,0
BRDA:919,107,0,0
BRDA:919,107,1,0
BRDA:921,108,0,0
BRDA:921,108,1,0
BRDA:921,108,2,0
BRDA:926,109,0,0
BRDA:926,109,1,0
BRDA:929,110,0,0
BRDA:929,110,1,0
BRDA:934,111,0,0
BRDA:934,111,1,0
BRDA:936,112,0,0
BRDA:936,112,1,0
BRDA:943,113,0,0
BRDA:943,113,1,0
BRDA:945,114,0,0
BRDA:945,114,1,0
BRDA:952,115,0,0
BRDA:952,115,1,0
BRDA:956,116,0,0
BRDA:956,116,1,0
BRDA:956,117,0,0
BRDA:956,117,1,0
BRDA:983,118,0,0
BRDA:983,118,1,0
BRDA:996,119,0,0
BRDA:996,119,1,0
BRDA:998,120,0,0
BRDA:998,120,1,0
BRDA:999,121,0,0
BRDA:999,121,1,0
BRDA:1000,122,0,0
BRDA:1000,122,1,0
BRDA:1001,123,0,0
BRDA:1001,123,1,0
BRDA:1002,124,0,0
BRDA:1002,124,1,0
BRDA:1003,125,0,0
BRDA:1003,125,1,0
BRDA:1004,126,0,0
BRDA:1004,126,1,0
BRDA:1005,127,0,0
BRDA:1005,127,1,0
BRDA:1051,128,0,0
BRDA:1051,128,1,0
BRDA:1090,129,0,0
BRDA:1090,129,1,0
BRDA:1238,130,0,0
BRDA:1238,130,1,0
BRDA:1241,131,0,0
BRDA:1241,131,1,0
BRDA:1259,132,0,0
BRDA:1259,132,1,0
BRDA:1268,133,0,0
BRDA:1268,133,1,0
BRDA:1289,134,0,0
BRDA:1289,134,1,0
BRDA:1294,135,0,0
BRDA:1294,135,1,0
BRDA:1304,136,0,0
BRDA:1304,136,1,0
BRDA:1307,137,0,0
BRDA:1307,137,1,0
BRDA:1311,138,0,0
BRDA:1311,138,1,0
BRDA:1419,139,0,0
BRDA:1419,139,1,0
BRDA:1419,140,0,0
BRDA:1419,140,1,0
BRDA:1484,141,0,0
BRDA:1484,141,1,0
BRDA:1484,142,0,0
BRDA:1484,142,1,0
BRDA:1520,143,0,0
BRDA:1520,143,1,0
BRDA:1523,144,0,0
BRDA:1523,144,1,0
BRDA:1523,145,0,0
BRDA:1523,145,1,0
BRDA:1525,146,0,0
BRDA:1525,146,1,0
BRDA:1605,147,0,0
BRDA:1605,147,1,0
BRDA:1652,148,0,0
BRDA:1652,148,1,0
BRDA:1691,149,0,0
BRDA:1691,149,1,0
BRDA:1752,150,0,0
BRDA:1752,150,1,0
BRDA:1831,151,0,0
BRDA:1831,151,1,0
BRDA:1879,152,0,0
BRDA:1879,152,1,0
BRDA:1879,153,0,0
BRDA:1879,153,1,0
BRDA:1881,154,0,0
BRDA:1881,154,1,0
BRDA:1881,155,0,0
BRDA:1881,155,1,0
BRDA:1959,156,0,0
BRDA:1959,156,1,0
BRF:321
BRH:0
end_of_record
TN:
SF:server/vite.ts
FN:11,log
FN:22,setupVite
FN:34,(anonymous_2)
FN:44,(anonymous_3)
FN:62,serveStatic
FN:74,(anonymous_5)
FNF:6
FNH:0
FNDA:0,log
FNDA:0,setupVite
FNDA:0,(anonymous_2)
FNDA:0,(anonymous_3)
FNDA:0,serveStatic
FNDA:0,(anonymous_5)
DA:9,0
DA:12,0
DA:19,0
DA:23,0
DA:29,0
DA:35,0
DA:36,0
DA:43,0
DA:44,0
DA:45,0
DA:47,0
DA:48,0
DA:51,0
DA:52,0
DA:53,0
DA:54,0
DA:56,0
DA:57,0
DA:63,0
DA:65,0
DA:66,0
DA:71,0
DA:74,0
DA:75,0
LF:24
LH:0
BRDA:11,0,0,0
BRDA:65,1,0,0
BRDA:65,1,1,0
BRF:3
BRH:0
end_of_record
TN:
SF:server/websocket.ts
FN:6,registerClient
FN:9,(anonymous_1)
FN:14,broadcastToTenant
FN:17,(anonymous_3)
FN:24,broadcast
FN:27,(anonymous_5)
FNF:6
FNH:0
FNDA:0,registerClient
FNDA:0,(anonymous_1)
FNDA:0,broadcastToTenant
FNDA:0,(anonymous_3)
FNDA:0,broadcast
FNDA:0,(anonymous_5)
DA:4,0
DA:7,0
DA:9,0
DA:10,0
DA:15,0
DA:17,0
DA:18,0
DA:19,0
DA:25,0
DA:27,0
DA:28,0
DA:29,0
LF:12
LH:0
BRDA:18,0,0,0
BRDA:18,0,1,0
BRDA:18,1,0,0
BRDA:18,1,1,0
BRDA:28,2,0,0
BRDA:28,2,1,0
BRF:6
BRH:0
end_of_record
TN:
SF:server/services/inviteService.ts
FN:8,(anonymous_0)
FN:33,inviteUser
FNF:2
FNH:2
FNDA:9,(anonymous_0)
FNDA:12,inviteUser
DA:2,1
DA:9,9
DA:10,9
DA:11,9
DA:34,12
DA:35,12
DA:38,12
DA:40,12
DA:42,12
DA:43,7
DA:44,7
DA:45,1
DA:46,1
DA:47,1
DA:49,6
DA:50,2
DA:55,4
DA:57,0
DA:58,0
DA:60,0
DA:62,5
DA:63,3
DA:64,3
DA:65,3
DA:66,2
DA:68,1
DA:70,2
DA:73,6
DA:74,6
DA:76,4
DA:77,4
DA:79,4
DA:80,4
DA:82,4
DA:97,4
DA:98,4
DA:99,4
DA:100,4
DA:107,4
DA:108,0
DA:111,0
DA:112,0
DA:113,0
DA:117,0
DA:124,4
DA:127,4
LF:46
LH:38
BRDA:34,0,0,12
BRDA:34,0,1,0
BRDA:34,1,0,0
BRDA:34,1,1,0
BRDA:38,2,0,12
BRDA:38,2,1,5
BRDA:38,2,2,5
BRDA:42,3,0,7
BRDA:42,3,1,5
BRDA:43,4,0,7
BRDA:43,4,1,0
BRDA:44,5,0,1
BRDA:44,5,1,6
BRDA:46,6,0,0
BRDA:46,6,1,1
BRDA:49,7,0,2
BRDA:49,7,1,4
BRDA:57,8,0,0
BRDA:57,8,1,0
BRDA:57,9,0,0
BRDA:57,9,1,0
BRDA:62,10,0,3
BRDA:62,10,1,2
BRDA:63,11,0,0
BRDA:63,11,1,3
BRDA:64,12,0,0
BRDA:64,12,1,3
BRDA:65,13,0,2
BRDA:65,13,1,1
BRDA:65,14,0,3
BRDA:65,14,1,3
BRDA:74,15,0,2
BRDA:74,15,1,4
BRDA:77,16,0,1
BRDA:77,16,1,3
BRDA:89,17,0,4
BRDA:89,17,1,2
BRDA:90,18,0,12
BRDA:90,18,1,2
BRDA:91,19,0,12
BRDA:91,19,1,4
BRDA:92,20,0,12
BRDA:92,20,1,0
BRDA:112,21,0,0
BRDA:112,21,1,0
BRDA:120,22,0,0
BRDA:120,22,1,0
BRDA:124,23,0,4
BRDA:124,23,1,0
BRDA:141,24,0,0
BRDA:141,24,1,4
BRF:51
BRH:33
end_of_record
